
"me" wins 50.0% of all games!
Traceback (most recent call last):
  File "data-exploration-simple-rf-model.py", line 120, in <module>
    from sklearn.cross_validation import train_test_split
ModuleNotFoundError: No module named 'sklearn.cross_validation'
[Try Solution]: OrderedDict([('action', 'fqn'), ('old_fqn', 'sklearn.cross_validation'), ('new_fqn', 'sklearn.model_selection'), ('line_no', 120)])
"me" wins 50.0% of all games!
Traceback (most recent call last):
  File "data-exploration-simple-rf-model.py", line 141, in <module>
    from sklearn.grid_search import GridSearchCV
ModuleNotFoundError: No module named 'sklearn.grid_search'
[Try Solution]: OrderedDict([('action', 'fqn'), ('old_fqn', 'sklearn.grid_search'), ('new_fqn', 'sklearn.model_selection'), ('line_no', 141)])
"me" wins 50.0% of all games!
Traceback (most recent call last):
  File "data-exploration-simple-rf-model.py", line 147, in <module>
    cross_validation = StratifiedKFold(y_train, n_folds=5)
  File "/home/cgzhu/anaconda3/envs/migration-plus/lib/python3.6/site-packages/sklearn/utils/validation.py", line 73, in inner_f
    return f(**kwargs)
TypeError: __init__() got an unexpected keyword argument 'n_folds'
[REPAIR EXEC TIME]: 6.720591068267822
"me" wins 50.0% of all games!
Traceback (most recent call last):
  File "data-exploration-simple-rf-model.py", line 120, in <module>
    from sklearn.cross_validation import train_test_split
ModuleNotFoundError: No module named 'sklearn.cross_validation'
[Try Solution]: OrderedDict([('action', 'fqn'), ('old_fqn', 'sklearn.cross_validation'), ('new_fqn', 'sklearn.model_selection'), ('line_no', 120)])
"me" wins 50.0% of all games!
Traceback (most recent call last):
  File "data-exploration-simple-rf-model.py", line 141, in <module>
    from sklearn.grid_search import GridSearchCV
ModuleNotFoundError: No module named 'sklearn.grid_search'
[Try Solution]: OrderedDict([('action', 'fqn'), ('old_fqn', 'sklearn.grid_search'), ('new_fqn', 'sklearn.model_selection'), ('line_no', 141)])
"me" wins 50.0% of all games!
Traceback (most recent call last):
  File "data-exploration-simple-rf-model.py", line 147, in <module>
    cross_validation = StratifiedKFold(y_train, n_folds=5)
  File "/home/cgzhu/anaconda3/envs/migration-plus/lib/python3.6/site-packages/sklearn/utils/validation.py", line 73, in inner_f
    return f(**kwargs)
TypeError: __init__() got an unexpected keyword argument 'n_folds'
[REPAIR EXEC TIME]: 7.304158449172974
"me" wins 50.0% of all games!
Traceback (most recent call last):
  File "data-exploration-simple-rf-model.py", line 120, in <module>
    from sklearn.cross_validation import train_test_split
ModuleNotFoundError: No module named 'sklearn.cross_validation'
[Try Solution]: OrderedDict([('action', 'fqn'), ('old_fqn', 'sklearn.cross_validation'), ('new_fqn', 'sklearn.model_selection'), ('line_no', 120)])
"me" wins 50.0% of all games!
Traceback (most recent call last):
  File "data-exploration-simple-rf-model.py", line 141, in <module>
    from sklearn.grid_search import GridSearchCV
ModuleNotFoundError: No module named 'sklearn.grid_search'
[Try Solution]: OrderedDict([('action', 'fqn'), ('old_fqn', 'sklearn.grid_search'), ('new_fqn', 'sklearn.model_selection'), ('line_no', 141)])
"me" wins 50.0% of all games!
Traceback (most recent call last):
  File "data-exploration-simple-rf-model.py", line 147, in <module>
    cross_validation = StratifiedKFold(y_train, n_folds=5)
  File "/home/cgzhu/anaconda3/envs/migration-plus/lib/python3.6/site-packages/sklearn/utils/validation.py", line 73, in inner_f
    return f(**kwargs)
TypeError: __init__() got an unexpected keyword argument 'n_folds'
[REPAIR EXEC TIME]: 7.201956748962402