/home/cgzhu/anaconda3/envs/migration-plus/lib/python3.6/site-packages/sklearn/utils/validation.py:73: DataConversionWarning: A column-vector y was passed when a 1d array was expected. Please change the shape of y to (n_samples, ), for example using ravel().
  return f(**kwargs)
../../../input/imnikhilanand_heart-attack-prediction/data.csv
Traceback (most recent call last):
  File "heart-attack-detection-proj1.py", line 117, in <module>
    from sklearn.metrics import jaccard_similarity_score
ImportError: cannot import name 'jaccard_similarity_score'
[Try Solution]: OrderedDict([('API', 'sklearn.metrics.jaccard_similarity_score'), ('action', 'arg_rename'), ('from_name', 'y_true'), ('to_name', 'y_pred')])/home/cgzhu/anaconda3/envs/migration-plus/lib/python3.6/site-packages/sklearn/utils/validation.py:73: DataConversionWarning: A column-vector y was passed when a 1d array was expected. Please change the shape of y to (n_samples, ), for example using ravel().
  return f(**kwargs)
../../../input/imnikhilanand_heart-attack-prediction/data.csv
Traceback (most recent call last):
  File "heart-attack-detection-proj1.py", line 117, in <module>
    from sklearn.metrics import jaccard_similarity_score
ImportError: cannot import name 'jaccard_similarity_score'
[Try Solution]: OrderedDict([('API', 'sklearn.metrics.jaccard_similarity_score'), ('action', 'arg_rename'), ('from_name', 'y_true'), ('to_name', 'normalize')])/home/cgzhu/anaconda3/envs/migration-plus/lib/python3.6/site-packages/sklearn/utils/validation.py:73: DataConversionWarning: A column-vector y was passed when a 1d array was expected. Please change the shape of y to (n_samples, ), for example using ravel().
  return f(**kwargs)
../../../input/imnikhilanand_heart-attack-prediction/data.csv
Traceback (most recent call last):
  File "heart-attack-detection-proj1.py", line 117, in <module>
    from sklearn.metrics import jaccard_similarity_score
ImportError: cannot import name 'jaccard_similarity_score'
[Try Solution]: OrderedDict([('API', 'sklearn.metrics.jaccard_similarity_score'), ('action', 'arg_rename'), ('from_name', 'y_true'), ('to_name', 'sample_weight')])/home/cgzhu/anaconda3/envs/migration-plus/lib/python3.6/site-packages/sklearn/utils/validation.py:73: DataConversionWarning: A column-vector y was passed when a 1d array was expected. Please change the shape of y to (n_samples, ), for example using ravel().
  return f(**kwargs)
../../../input/imnikhilanand_heart-attack-prediction/data.csv
Traceback (most recent call last):
  File "heart-attack-detection-proj1.py", line 117, in <module>
    from sklearn.metrics import jaccard_similarity_score
ImportError: cannot import name 'jaccard_similarity_score'
[Try Solution]: OrderedDict([('API', 'sklearn.metrics.jaccard_similarity_score'), ('action', 'arg_delete'), ('from_name', 'y_true'), ('to_name', '*')])/home/cgzhu/anaconda3/envs/migration-plus/lib/python3.6/site-packages/sklearn/utils/validation.py:73: DataConversionWarning: A column-vector y was passed when a 1d array was expected. Please change the shape of y to (n_samples, ), for example using ravel().
  return f(**kwargs)
../../../input/imnikhilanand_heart-attack-prediction/data.csv
Traceback (most recent call last):
  File "heart-attack-detection-proj1.py", line 117, in <module>
    from sklearn.metrics import jaccard_similarity_score
ImportError: cannot import name 'jaccard_similarity_score'
[Try Solution]: OrderedDict([('API', 'sklearn.metrics.jaccard_similarity_score'), ('action', 'arg_rename'), ('from_name', 'y_pred'), ('to_name', 'y_true')])/home/cgzhu/anaconda3/envs/migration-plus/lib/python3.6/site-packages/sklearn/utils/validation.py:73: DataConversionWarning: A column-vector y was passed when a 1d array was expected. Please change the shape of y to (n_samples, ), for example using ravel().
  return f(**kwargs)
../../../input/imnikhilanand_heart-attack-prediction/data.csv
Traceback (most recent call last):
  File "heart-attack-detection-proj1.py", line 117, in <module>
    from sklearn.metrics import jaccard_similarity_score
ImportError: cannot import name 'jaccard_similarity_score'
[Try Solution]: OrderedDict([('API', 'sklearn.metrics.jaccard_similarity_score'), ('action', 'arg_rename'), ('from_name', 'y_pred'), ('to_name', 'normalize')])/home/cgzhu/anaconda3/envs/migration-plus/lib/python3.6/site-packages/sklearn/utils/validation.py:73: DataConversionWarning: A column-vector y was passed when a 1d array was expected. Please change the shape of y to (n_samples, ), for example using ravel().
  return f(**kwargs)
../../../input/imnikhilanand_heart-attack-prediction/data.csv
Traceback (most recent call last):
  File "heart-attack-detection-proj1.py", line 117, in <module>
    from sklearn.metrics import jaccard_similarity_score
ImportError: cannot import name 'jaccard_similarity_score'
[Try Solution]: OrderedDict([('API', 'sklearn.metrics.jaccard_similarity_score'), ('action', 'arg_rename'), ('from_name', 'y_pred'), ('to_name', 'sample_weight')])/home/cgzhu/anaconda3/envs/migration-plus/lib/python3.6/site-packages/sklearn/utils/validation.py:73: DataConversionWarning: A column-vector y was passed when a 1d array was expected. Please change the shape of y to (n_samples, ), for example using ravel().
  return f(**kwargs)
../../../input/imnikhilanand_heart-attack-prediction/data.csv
Traceback (most recent call last):
  File "heart-attack-detection-proj1.py", line 117, in <module>
    from sklearn.metrics import jaccard_similarity_score
ImportError: cannot import name 'jaccard_similarity_score'
[Try Solution]: OrderedDict([('API', 'sklearn.metrics.jaccard_similarity_score'), ('action', 'arg_delete'), ('from_name', 'y_pred'), ('to_name', '*')])/home/cgzhu/anaconda3/envs/migration-plus/lib/python3.6/site-packages/sklearn/utils/validation.py:73: DataConversionWarning: A column-vector y was passed when a 1d array was expected. Please change the shape of y to (n_samples, ), for example using ravel().
  return f(**kwargs)
../../../input/imnikhilanand_heart-attack-prediction/data.csv
Traceback (most recent call last):
  File "heart-attack-detection-proj1.py", line 117, in <module>
    from sklearn.metrics import jaccard_similarity_score
ImportError: cannot import name 'jaccard_similarity_score'
[Try Solution]: OrderedDict([('API', 'sklearn.metrics.jaccard_similarity_score'), ('action', 'arg_rename'), ('from_name', 'normalize'), ('to_name', 'y_true')])/home/cgzhu/anaconda3/envs/migration-plus/lib/python3.6/site-packages/sklearn/utils/validation.py:73: DataConversionWarning: A column-vector y was passed when a 1d array was expected. Please change the shape of y to (n_samples, ), for example using ravel().
  return f(**kwargs)
../../../input/imnikhilanand_heart-attack-prediction/data.csv
Traceback (most recent call last):
  File "heart-attack-detection-proj1.py", line 117, in <module>
    from sklearn.metrics import jaccard_similarity_score
ImportError: cannot import name 'jaccard_similarity_score'
[Try Solution]: OrderedDict([('API', 'sklearn.metrics.jaccard_similarity_score'), ('action', 'arg_rename'), ('from_name', 'normalize'), ('to_name', 'y_pred')])/home/cgzhu/anaconda3/envs/migration-plus/lib/python3.6/site-packages/sklearn/utils/validation.py:73: DataConversionWarning: A column-vector y was passed when a 1d array was expected. Please change the shape of y to (n_samples, ), for example using ravel().
  return f(**kwargs)
../../../input/imnikhilanand_heart-attack-prediction/data.csv
Traceback (most recent call last):
  File "heart-attack-detection-proj1.py", line 117, in <module>
    from sklearn.metrics import jaccard_similarity_score
ImportError: cannot import name 'jaccard_similarity_score'
[Try Solution]: OrderedDict([('API', 'sklearn.metrics.jaccard_similarity_score'), ('action', 'arg_rename'), ('from_name', 'normalize'), ('to_name', 'sample_weight')])/home/cgzhu/anaconda3/envs/migration-plus/lib/python3.6/site-packages/sklearn/utils/validation.py:73: DataConversionWarning: A column-vector y was passed when a 1d array was expected. Please change the shape of y to (n_samples, ), for example using ravel().
  return f(**kwargs)
../../../input/imnikhilanand_heart-attack-prediction/data.csv
Traceback (most recent call last):
  File "heart-attack-detection-proj1.py", line 117, in <module>
    from sklearn.metrics import jaccard_similarity_score
ImportError: cannot import name 'jaccard_similarity_score'
[Try Solution]: OrderedDict([('API', 'sklearn.metrics.jaccard_similarity_score'), ('action', 'arg_delete'), ('from_name', 'normalize'), ('to_name', '*')])/home/cgzhu/anaconda3/envs/migration-plus/lib/python3.6/site-packages/sklearn/utils/validation.py:73: DataConversionWarning: A column-vector y was passed when a 1d array was expected. Please change the shape of y to (n_samples, ), for example using ravel().
  return f(**kwargs)
../../../input/imnikhilanand_heart-attack-prediction/data.csv
Traceback (most recent call last):
  File "heart-attack-detection-proj1.py", line 117, in <module>
    from sklearn.metrics import jaccard_similarity_score
ImportError: cannot import name 'jaccard_similarity_score'
[Try Solution]: OrderedDict([('API', 'sklearn.metrics.jaccard_similarity_score'), ('action', 'arg_rename'), ('from_name', 'sample_weight'), ('to_name', 'y_true')])/home/cgzhu/anaconda3/envs/migration-plus/lib/python3.6/site-packages/sklearn/utils/validation.py:73: DataConversionWarning: A column-vector y was passed when a 1d array was expected. Please change the shape of y to (n_samples, ), for example using ravel().
  return f(**kwargs)
../../../input/imnikhilanand_heart-attack-prediction/data.csv
Traceback (most recent call last):
  File "heart-attack-detection-proj1.py", line 117, in <module>
    from sklearn.metrics import jaccard_similarity_score
ImportError: cannot import name 'jaccard_similarity_score'
[Try Solution]: OrderedDict([('API', 'sklearn.metrics.jaccard_similarity_score'), ('action', 'arg_rename'), ('from_name', 'sample_weight'), ('to_name', 'y_pred')])/home/cgzhu/anaconda3/envs/migration-plus/lib/python3.6/site-packages/sklearn/utils/validation.py:73: DataConversionWarning: A column-vector y was passed when a 1d array was expected. Please change the shape of y to (n_samples, ), for example using ravel().
  return f(**kwargs)
../../../input/imnikhilanand_heart-attack-prediction/data.csv
Traceback (most recent call last):
  File "heart-attack-detection-proj1.py", line 117, in <module>
    from sklearn.metrics import jaccard_similarity_score
ImportError: cannot import name 'jaccard_similarity_score'
[Try Solution]: OrderedDict([('API', 'sklearn.metrics.jaccard_similarity_score'), ('action', 'arg_rename'), ('from_name', 'sample_weight'), ('to_name', 'normalize')])/home/cgzhu/anaconda3/envs/migration-plus/lib/python3.6/site-packages/sklearn/utils/validation.py:73: DataConversionWarning: A column-vector y was passed when a 1d array was expected. Please change the shape of y to (n_samples, ), for example using ravel().
  return f(**kwargs)
../../../input/imnikhilanand_heart-attack-prediction/data.csv
Traceback (most recent call last):
  File "heart-attack-detection-proj1.py", line 117, in <module>
    from sklearn.metrics import jaccard_similarity_score
ImportError: cannot import name 'jaccard_similarity_score'
[Try Solution]: OrderedDict([('API', 'sklearn.metrics.jaccard_similarity_score'), ('action', 'arg_delete'), ('from_name', 'sample_weight'), ('to_name', '*')])/home/cgzhu/anaconda3/envs/migration-plus/lib/python3.6/site-packages/sklearn/utils/validation.py:73: DataConversionWarning: A column-vector y was passed when a 1d array was expected. Please change the shape of y to (n_samples, ), for example using ravel().
  return f(**kwargs)
../../../input/imnikhilanand_heart-attack-prediction/data.csv
Traceback (most recent call last):
  File "heart-attack-detection-proj1.py", line 117, in <module>
    from sklearn.metrics import jaccard_similarity_score
ImportError: cannot import name 'jaccard_similarity_score'
[Try Solution]: OrderedDict([('API', 'sklearn.metrics.jaccard_similarity_score'), ('action', 'arg_rename'), ('from_name', 'y_true&sample_weight'), ('to_name', 'normalize&y_pred')])/home/cgzhu/anaconda3/envs/migration-plus/lib/python3.6/site-packages/sklearn/utils/validation.py:73: DataConversionWarning: A column-vector y was passed when a 1d array was expected. Please change the shape of y to (n_samples, ), for example using ravel().
  return f(**kwargs)
../../../input/imnikhilanand_heart-attack-prediction/data.csv
Traceback (most recent call last):
  File "heart-attack-detection-proj1.py", line 117, in <module>
    from sklearn.metrics import jaccard_similarity_score
ImportError: cannot import name 'jaccard_similarity_score'
[Try Solution]: OrderedDict([('API', 'sklearn.metrics.jaccard_similarity_score'), ('action', 'arg_rename'), ('from_name', 'y_true&sample_weight'), ('to_name', 'normalize&y_true')])/home/cgzhu/anaconda3/envs/migration-plus/lib/python3.6/site-packages/sklearn/utils/validation.py:73: DataConversionWarning: A column-vector y was passed when a 1d array was expected. Please change the shape of y to (n_samples, ), for example using ravel().
  return f(**kwargs)
../../../input/imnikhilanand_heart-attack-prediction/data.csv
Traceback (most recent call last):
  File "heart-attack-detection-proj1.py", line 117, in <module>
    from sklearn.metrics import jaccard_similarity_score
ImportError: cannot import name 'jaccard_similarity_score'
[Try Solution]: OrderedDict([('API', 'sklearn.metrics.jaccard_similarity_score'), ('action', 'arg_rename'), ('from_name', 'y_true&sample_weight'), ('to_name', 'y_pred&normalize')])/home/cgzhu/anaconda3/envs/migration-plus/lib/python3.6/site-packages/sklearn/utils/validation.py:73: DataConversionWarning: A column-vector y was passed when a 1d array was expected. Please change the shape of y to (n_samples, ), for example using ravel().
  return f(**kwargs)
../../../input/imnikhilanand_heart-attack-prediction/data.csv
Traceback (most recent call last):
  File "heart-attack-detection-proj1.py", line 117, in <module>
    from sklearn.metrics import jaccard_similarity_score
ImportError: cannot import name 'jaccard_similarity_score'
[Try Solution]: OrderedDict([('API', 'sklearn.metrics.jaccard_similarity_score'), ('action', 'arg_rename'), ('from_name', 'y_true&sample_weight'), ('to_name', 'y_pred&y_true')])/home/cgzhu/anaconda3/envs/migration-plus/lib/python3.6/site-packages/sklearn/utils/validation.py:73: DataConversionWarning: A column-vector y was passed when a 1d array was expected. Please change the shape of y to (n_samples, ), for example using ravel().
  return f(**kwargs)
../../../input/imnikhilanand_heart-attack-prediction/data.csv
Traceback (most recent call last):
  File "heart-attack-detection-proj1.py", line 117, in <module>
    from sklearn.metrics import jaccard_similarity_score
ImportError: cannot import name 'jaccard_similarity_score'
[Try Solution]: OrderedDict([('API', 'sklearn.metrics.jaccard_similarity_score'), ('action', 'arg_rename'), ('from_name', 'y_true&sample_weight'), ('to_name', 'sample_weight&normalize')])/home/cgzhu/anaconda3/envs/migration-plus/lib/python3.6/site-packages/sklearn/utils/validation.py:73: DataConversionWarning: A column-vector y was passed when a 1d array was expected. Please change the shape of y to (n_samples, ), for example using ravel().
  return f(**kwargs)
../../../input/imnikhilanand_heart-attack-prediction/data.csv
Traceback (most recent call last):
  File "heart-attack-detection-proj1.py", line 117, in <module>
    from sklearn.metrics import jaccard_similarity_score
ImportError: cannot import name 'jaccard_similarity_score'
[Try Solution]: OrderedDict([('API', 'sklearn.metrics.jaccard_similarity_score'), ('action', 'arg_rename'), ('from_name', 'y_true&sample_weight'), ('to_name', 'sample_weight&y_pred')])/home/cgzhu/anaconda3/envs/migration-plus/lib/python3.6/site-packages/sklearn/utils/validation.py:73: DataConversionWarning: A column-vector y was passed when a 1d array was expected. Please change the shape of y to (n_samples, ), for example using ravel().
  return f(**kwargs)
../../../input/imnikhilanand_heart-attack-prediction/data.csv
Traceback (most recent call last):
  File "heart-attack-detection-proj1.py", line 117, in <module>
    from sklearn.metrics import jaccard_similarity_score
ImportError: cannot import name 'jaccard_similarity_score'
[Try Solution]: OrderedDict([('API', 'sklearn.metrics.jaccard_similarity_score'), ('action', 'arg_rename'), ('from_name', 'y_true&sample_weight'), ('to_name', 'sample_weight&y_true')])/home/cgzhu/anaconda3/envs/migration-plus/lib/python3.6/site-packages/sklearn/utils/validation.py:73: DataConversionWarning: A column-vector y was passed when a 1d array was expected. Please change the shape of y to (n_samples, ), for example using ravel().
  return f(**kwargs)
../../../input/imnikhilanand_heart-attack-prediction/data.csv
Traceback (most recent call last):
  File "heart-attack-detection-proj1.py", line 117, in <module>
    from sklearn.metrics import jaccard_similarity_score
ImportError: cannot import name 'jaccard_similarity_score'
[Try Solution]: OrderedDict([('API', 'sklearn.metrics.jaccard_similarity_score'), ('action', 'arg_rename'), ('from_name', 'y_pred&y_true'), ('to_name', 'normalize&y_pred')])/home/cgzhu/anaconda3/envs/migration-plus/lib/python3.6/site-packages/sklearn/utils/validation.py:73: DataConversionWarning: A column-vector y was passed when a 1d array was expected. Please change the shape of y to (n_samples, ), for example using ravel().
  return f(**kwargs)
../../../input/imnikhilanand_heart-attack-prediction/data.csv
Traceback (most recent call last):
  File "heart-attack-detection-proj1.py", line 117, in <module>
    from sklearn.metrics import jaccard_similarity_score
ImportError: cannot import name 'jaccard_similarity_score'
[Try Solution]: OrderedDict([('API', 'sklearn.metrics.jaccard_similarity_score'), ('action', 'arg_rename'), ('from_name', 'y_pred&y_true'), ('to_name', 'normalize&sample_weight')])/home/cgzhu/anaconda3/envs/migration-plus/lib/python3.6/site-packages/sklearn/utils/validation.py:73: DataConversionWarning: A column-vector y was passed when a 1d array was expected. Please change the shape of y to (n_samples, ), for example using ravel().
  return f(**kwargs)
../../../input/imnikhilanand_heart-attack-prediction/data.csv
Traceback (most recent call last):
  File "heart-attack-detection-proj1.py", line 117, in <module>
    from sklearn.metrics import jaccard_similarity_score
ImportError: cannot import name 'jaccard_similarity_score'
[Try Solution]: OrderedDict([('API', 'sklearn.metrics.jaccard_similarity_score'), ('action', 'arg_rename'), ('from_name', 'y_pred&y_true'), ('to_name', 'y_true&normalize')])/home/cgzhu/anaconda3/envs/migration-plus/lib/python3.6/site-packages/sklearn/utils/validation.py:73: DataConversionWarning: A column-vector y was passed when a 1d array was expected. Please change the shape of y to (n_samples, ), for example using ravel().
  return f(**kwargs)
../../../input/imnikhilanand_heart-attack-prediction/data.csv
Traceback (most recent call last):
  File "heart-attack-detection-proj1.py", line 117, in <module>
    from sklearn.metrics import jaccard_similarity_score
ImportError: cannot import name 'jaccard_similarity_score'
[Try Solution]: OrderedDict([('API', 'sklearn.metrics.jaccard_similarity_score'), ('action', 'arg_rename'), ('from_name', 'y_pred&y_true'), ('to_name', 'y_true&y_pred')])/home/cgzhu/anaconda3/envs/migration-plus/lib/python3.6/site-packages/sklearn/utils/validation.py:73: DataConversionWarning: A column-vector y was passed when a 1d array was expected. Please change the shape of y to (n_samples, ), for example using ravel().
  return f(**kwargs)
../../../input/imnikhilanand_heart-attack-prediction/data.csv
Traceback (most recent call last):
  File "heart-attack-detection-proj1.py", line 117, in <module>
    from sklearn.metrics import jaccard_similarity_score
ImportError: cannot import name 'jaccard_similarity_score'
[Try Solution]: OrderedDict([('API', 'sklearn.metrics.jaccard_similarity_score'), ('action', 'arg_rename'), ('from_name', 'y_pred&y_true'), ('to_name', 'y_true&sample_weight')])/home/cgzhu/anaconda3/envs/migration-plus/lib/python3.6/site-packages/sklearn/utils/validation.py:73: DataConversionWarning: A column-vector y was passed when a 1d array was expected. Please change the shape of y to (n_samples, ), for example using ravel().
  return f(**kwargs)
../../../input/imnikhilanand_heart-attack-prediction/data.csv
Traceback (most recent call last):
  File "heart-attack-detection-proj1.py", line 117, in <module>
    from sklearn.metrics import jaccard_similarity_score
ImportError: cannot import name 'jaccard_similarity_score'
[Try Solution]: OrderedDict([('API', 'sklearn.metrics.jaccard_similarity_score'), ('action', 'arg_rename'), ('from_name', 'y_pred&y_true'), ('to_name', 'sample_weight&normalize')])/home/cgzhu/anaconda3/envs/migration-plus/lib/python3.6/site-packages/sklearn/utils/validation.py:73: DataConversionWarning: A column-vector y was passed when a 1d array was expected. Please change the shape of y to (n_samples, ), for example using ravel().
  return f(**kwargs)
../../../input/imnikhilanand_heart-attack-prediction/data.csv
Traceback (most recent call last):
  File "heart-attack-detection-proj1.py", line 117, in <module>
    from sklearn.metrics import jaccard_similarity_score
ImportError: cannot import name 'jaccard_similarity_score'
[Try Solution]: OrderedDict([('API', 'sklearn.metrics.jaccard_similarity_score'), ('action', 'arg_rename'), ('from_name', 'y_pred&y_true'), ('to_name', 'sample_weight&y_pred')])/home/cgzhu/anaconda3/envs/migration-plus/lib/python3.6/site-packages/sklearn/utils/validation.py:73: DataConversionWarning: A column-vector y was passed when a 1d array was expected. Please change the shape of y to (n_samples, ), for example using ravel().
  return f(**kwargs)
../../../input/imnikhilanand_heart-attack-prediction/data.csv
Traceback (most recent call last):
  File "heart-attack-detection-proj1.py", line 117, in <module>
    from sklearn.metrics import jaccard_similarity_score
ImportError: cannot import name 'jaccard_similarity_score'
[Try Solution]: OrderedDict([('API', 'sklearn.metrics.jaccard_similarity_score'), ('action', 'arg_rename'), ('from_name', 'normalize&y_true'), ('to_name', 'y_pred&normalize')])/home/cgzhu/anaconda3/envs/migration-plus/lib/python3.6/site-packages/sklearn/utils/validation.py:73: DataConversionWarning: A column-vector y was passed when a 1d array was expected. Please change the shape of y to (n_samples, ), for example using ravel().
  return f(**kwargs)
../../../input/imnikhilanand_heart-attack-prediction/data.csv
Traceback (most recent call last):
  File "heart-attack-detection-proj1.py", line 117, in <module>
    from sklearn.metrics import jaccard_similarity_score
ImportError: cannot import name 'jaccard_similarity_score'
[Try Solution]: OrderedDict([('API', 'sklearn.metrics.jaccard_similarity_score'), ('action', 'arg_rename'), ('from_name', 'normalize&y_true'), ('to_name', 'y_pred&sample_weight')])/home/cgzhu/anaconda3/envs/migration-plus/lib/python3.6/site-packages/sklearn/utils/validation.py:73: DataConversionWarning: A column-vector y was passed when a 1d array was expected. Please change the shape of y to (n_samples, ), for example using ravel().
  return f(**kwargs)
../../../input/imnikhilanand_heart-attack-prediction/data.csv
Traceback (most recent call last):
  File "heart-attack-detection-proj1.py", line 117, in <module>
    from sklearn.metrics import jaccard_similarity_score
ImportError: cannot import name 'jaccard_similarity_score'
[Try Solution]: OrderedDict([('API', 'sklearn.metrics.jaccard_similarity_score'), ('action', 'arg_rename'), ('from_name', 'normalize&y_true'), ('to_name', 'y_true&normalize')])/home/cgzhu/anaconda3/envs/migration-plus/lib/python3.6/site-packages/sklearn/utils/validation.py:73: DataConversionWarning: A column-vector y was passed when a 1d array was expected. Please change the shape of y to (n_samples, ), for example using ravel().
  return f(**kwargs)
../../../input/imnikhilanand_heart-attack-prediction/data.csv
Traceback (most recent call last):
  File "heart-attack-detection-proj1.py", line 117, in <module>
    from sklearn.metrics import jaccard_similarity_score
ImportError: cannot import name 'jaccard_similarity_score'
[Try Solution]: OrderedDict([('API', 'sklearn.metrics.jaccard_similarity_score'), ('action', 'arg_rename'), ('from_name', 'normalize&y_true'), ('to_name', 'y_true&y_pred')])/home/cgzhu/anaconda3/envs/migration-plus/lib/python3.6/site-packages/sklearn/utils/validation.py:73: DataConversionWarning: A column-vector y was passed when a 1d array was expected. Please change the shape of y to (n_samples, ), for example using ravel().
  return f(**kwargs)
../../../input/imnikhilanand_heart-attack-prediction/data.csv
Traceback (most recent call last):
  File "heart-attack-detection-proj1.py", line 117, in <module>
    from sklearn.metrics import jaccard_similarity_score
ImportError: cannot import name 'jaccard_similarity_score'
[Try Solution]: OrderedDict([('API', 'sklearn.metrics.jaccard_similarity_score'), ('action', 'arg_rename'), ('from_name', 'normalize&y_true'), ('to_name', 'y_true&sample_weight')])/home/cgzhu/anaconda3/envs/migration-plus/lib/python3.6/site-packages/sklearn/utils/validation.py:73: DataConversionWarning: A column-vector y was passed when a 1d array was expected. Please change the shape of y to (n_samples, ), for example using ravel().
  return f(**kwargs)
../../../input/imnikhilanand_heart-attack-prediction/data.csv
Traceback (most recent call last):
  File "heart-attack-detection-proj1.py", line 117, in <module>
    from sklearn.metrics import jaccard_similarity_score
ImportError: cannot import name 'jaccard_similarity_score'
[Try Solution]: OrderedDict([('API', 'sklearn.metrics.jaccard_similarity_score'), ('action', 'arg_rename'), ('from_name', 'normalize&y_true'), ('to_name', 'sample_weight&normalize')])/home/cgzhu/anaconda3/envs/migration-plus/lib/python3.6/site-packages/sklearn/utils/validation.py:73: DataConversionWarning: A column-vector y was passed when a 1d array was expected. Please change the shape of y to (n_samples, ), for example using ravel().
  return f(**kwargs)
../../../input/imnikhilanand_heart-attack-prediction/data.csv
Traceback (most recent call last):
  File "heart-attack-detection-proj1.py", line 117, in <module>
    from sklearn.metrics import jaccard_similarity_score
ImportError: cannot import name 'jaccard_similarity_score'
[Try Solution]: OrderedDict([('API', 'sklearn.metrics.jaccard_similarity_score'), ('action', 'arg_rename'), ('from_name', 'normalize&y_true'), ('to_name', 'sample_weight&y_pred')])/home/cgzhu/anaconda3/envs/migration-plus/lib/python3.6/site-packages/sklearn/utils/validation.py:73: DataConversionWarning: A column-vector y was passed when a 1d array was expected. Please change the shape of y to (n_samples, ), for example using ravel().
  return f(**kwargs)
../../../input/imnikhilanand_heart-attack-prediction/data.csv
Traceback (most recent call last):
  File "heart-attack-detection-proj1.py", line 117, in <module>
    from sklearn.metrics import jaccard_similarity_score
ImportError: cannot import name 'jaccard_similarity_score'
[Try Solution]: OrderedDict([('API', 'sklearn.metrics.jaccard_similarity_score'), ('action', 'arg_rename'), ('from_name', 'y_pred&sample_weight'), ('to_name', 'normalize&y_pred')])/home/cgzhu/anaconda3/envs/migration-plus/lib/python3.6/site-packages/sklearn/utils/validation.py:73: DataConversionWarning: A column-vector y was passed when a 1d array was expected. Please change the shape of y to (n_samples, ), for example using ravel().
  return f(**kwargs)
../../../input/imnikhilanand_heart-attack-prediction/data.csv
Traceback (most recent call last):
  File "heart-attack-detection-proj1.py", line 117, in <module>
    from sklearn.metrics import jaccard_similarity_score
ImportError: cannot import name 'jaccard_similarity_score'
[Try Solution]: OrderedDict([('API', 'sklearn.metrics.jaccard_similarity_score'), ('action', 'arg_rename'), ('from_name', 'y_pred&sample_weight'), ('to_name', 'normalize&y_true')])/home/cgzhu/anaconda3/envs/migration-plus/lib/python3.6/site-packages/sklearn/utils/validation.py:73: DataConversionWarning: A column-vector y was passed when a 1d array was expected. Please change the shape of y to (n_samples, ), for example using ravel().
  return f(**kwargs)
../../../input/imnikhilanand_heart-attack-prediction/data.csv
Traceback (most recent call last):
  File "heart-attack-detection-proj1.py", line 117, in <module>
    from sklearn.metrics import jaccard_similarity_score
ImportError: cannot import name 'jaccard_similarity_score'
[Try Solution]: OrderedDict([('API', 'sklearn.metrics.jaccard_similarity_score'), ('action', 'arg_rename'), ('from_name', 'y_pred&sample_weight'), ('to_name', 'y_true&normalize')])/home/cgzhu/anaconda3/envs/migration-plus/lib/python3.6/site-packages/sklearn/utils/validation.py:73: DataConversionWarning: A column-vector y was passed when a 1d array was expected. Please change the shape of y to (n_samples, ), for example using ravel().
  return f(**kwargs)
../../../input/imnikhilanand_heart-attack-prediction/data.csv
Traceback (most recent call last):
  File "heart-attack-detection-proj1.py", line 117, in <module>
    from sklearn.metrics import jaccard_similarity_score
ImportError: cannot import name 'jaccard_similarity_score'
[Try Solution]: OrderedDict([('API', 'sklearn.metrics.jaccard_similarity_score'), ('action', 'arg_rename'), ('from_name', 'y_pred&sample_weight'), ('to_name', 'y_true&y_pred')])/home/cgzhu/anaconda3/envs/migration-plus/lib/python3.6/site-packages/sklearn/utils/validation.py:73: DataConversionWarning: A column-vector y was passed when a 1d array was expected. Please change the shape of y to (n_samples, ), for example using ravel().
  return f(**kwargs)
../../../input/imnikhilanand_heart-attack-prediction/data.csv
Traceback (most recent call last):
  File "heart-attack-detection-proj1.py", line 117, in <module>
    from sklearn.metrics import jaccard_similarity_score
ImportError: cannot import name 'jaccard_similarity_score'
[Try Solution]: OrderedDict([('API', 'sklearn.metrics.jaccard_similarity_score'), ('action', 'arg_rename'), ('from_name', 'y_pred&sample_weight'), ('to_name', 'sample_weight&normalize')])/home/cgzhu/anaconda3/envs/migration-plus/lib/python3.6/site-packages/sklearn/utils/validation.py:73: DataConversionWarning: A column-vector y was passed when a 1d array was expected. Please change the shape of y to (n_samples, ), for example using ravel().
  return f(**kwargs)
../../../input/imnikhilanand_heart-attack-prediction/data.csv
Traceback (most recent call last):
  File "heart-attack-detection-proj1.py", line 117, in <module>
    from sklearn.metrics import jaccard_similarity_score
ImportError: cannot import name 'jaccard_similarity_score'
[Try Solution]: OrderedDict([('API', 'sklearn.metrics.jaccard_similarity_score'), ('action', 'arg_rename'), ('from_name', 'y_pred&sample_weight'), ('to_name', 'sample_weight&y_pred')])/home/cgzhu/anaconda3/envs/migration-plus/lib/python3.6/site-packages/sklearn/utils/validation.py:73: DataConversionWarning: A column-vector y was passed when a 1d array was expected. Please change the shape of y to (n_samples, ), for example using ravel().
  return f(**kwargs)
../../../input/imnikhilanand_heart-attack-prediction/data.csv
Traceback (most recent call last):
  File "heart-attack-detection-proj1.py", line 117, in <module>
    from sklearn.metrics import jaccard_similarity_score
ImportError: cannot import name 'jaccard_similarity_score'
[Try Solution]: OrderedDict([('API', 'sklearn.metrics.jaccard_similarity_score'), ('action', 'arg_rename'), ('from_name', 'y_pred&sample_weight'), ('to_name', 'sample_weight&y_true')])/home/cgzhu/anaconda3/envs/migration-plus/lib/python3.6/site-packages/sklearn/utils/validation.py:73: DataConversionWarning: A column-vector y was passed when a 1d array was expected. Please change the shape of y to (n_samples, ), for example using ravel().
  return f(**kwargs)
../../../input/imnikhilanand_heart-attack-prediction/data.csv
Traceback (most recent call last):
  File "heart-attack-detection-proj1.py", line 117, in <module>
    from sklearn.metrics import jaccard_similarity_score
ImportError: cannot import name 'jaccard_similarity_score'
[Try Solution]: OrderedDict([('API', 'sklearn.metrics.jaccard_similarity_score'), ('action', 'arg_rename'), ('from_name', 'normalize&sample_weight'), ('to_name', 'y_pred&normalize')])/home/cgzhu/anaconda3/envs/migration-plus/lib/python3.6/site-packages/sklearn/utils/validation.py:73: DataConversionWarning: A column-vector y was passed when a 1d array was expected. Please change the shape of y to (n_samples, ), for example using ravel().
  return f(**kwargs)
../../../input/imnikhilanand_heart-attack-prediction/data.csv
Traceback (most recent call last):
  File "heart-attack-detection-proj1.py", line 117, in <module>
    from sklearn.metrics import jaccard_similarity_score
ImportError: cannot import name 'jaccard_similarity_score'
[Try Solution]: OrderedDict([('API', 'sklearn.metrics.jaccard_similarity_score'), ('action', 'arg_rename'), ('from_name', 'normalize&sample_weight'), ('to_name', 'y_pred&y_true')])/home/cgzhu/anaconda3/envs/migration-plus/lib/python3.6/site-packages/sklearn/utils/validation.py:73: DataConversionWarning: A column-vector y was passed when a 1d array was expected. Please change the shape of y to (n_samples, ), for example using ravel().
  return f(**kwargs)
../../../input/imnikhilanand_heart-attack-prediction/data.csv
Traceback (most recent call last):
  File "heart-attack-detection-proj1.py", line 117, in <module>
    from sklearn.metrics import jaccard_similarity_score
ImportError: cannot import name 'jaccard_similarity_score'
[Try Solution]: OrderedDict([('API', 'sklearn.metrics.jaccard_similarity_score'), ('action', 'arg_rename'), ('from_name', 'normalize&sample_weight'), ('to_name', 'y_true&normalize')])/home/cgzhu/anaconda3/envs/migration-plus/lib/python3.6/site-packages/sklearn/utils/validation.py:73: DataConversionWarning: A column-vector y was passed when a 1d array was expected. Please change the shape of y to (n_samples, ), for example using ravel().
  return f(**kwargs)
../../../input/imnikhilanand_heart-attack-prediction/data.csv
Traceback (most recent call last):
  File "heart-attack-detection-proj1.py", line 117, in <module>
    from sklearn.metrics import jaccard_similarity_score
ImportError: cannot import name 'jaccard_similarity_score'
[Try Solution]: OrderedDict([('API', 'sklearn.metrics.jaccard_similarity_score'), ('action', 'arg_rename'), ('from_name', 'normalize&sample_weight'), ('to_name', 'y_true&y_pred')])/home/cgzhu/anaconda3/envs/migration-plus/lib/python3.6/site-packages/sklearn/utils/validation.py:73: DataConversionWarning: A column-vector y was passed when a 1d array was expected. Please change the shape of y to (n_samples, ), for example using ravel().
  return f(**kwargs)
../../../input/imnikhilanand_heart-attack-prediction/data.csv
Traceback (most recent call last):
  File "heart-attack-detection-proj1.py", line 117, in <module>
    from sklearn.metrics import jaccard_similarity_score
ImportError: cannot import name 'jaccard_similarity_score'
[Try Solution]: OrderedDict([('API', 'sklearn.metrics.jaccard_similarity_score'), ('action', 'arg_rename'), ('from_name', 'normalize&sample_weight'), ('to_name', 'sample_weight&normalize')])/home/cgzhu/anaconda3/envs/migration-plus/lib/python3.6/site-packages/sklearn/utils/validation.py:73: DataConversionWarning: A column-vector y was passed when a 1d array was expected. Please change the shape of y to (n_samples, ), for example using ravel().
  return f(**kwargs)
../../../input/imnikhilanand_heart-attack-prediction/data.csv
Traceback (most recent call last):
  File "heart-attack-detection-proj1.py", line 117, in <module>
    from sklearn.metrics import jaccard_similarity_score
ImportError: cannot import name 'jaccard_similarity_score'
[Try Solution]: OrderedDict([('API', 'sklearn.metrics.jaccard_similarity_score'), ('action', 'arg_rename'), ('from_name', 'normalize&sample_weight'), ('to_name', 'sample_weight&y_pred')])/home/cgzhu/anaconda3/envs/migration-plus/lib/python3.6/site-packages/sklearn/utils/validation.py:73: DataConversionWarning: A column-vector y was passed when a 1d array was expected. Please change the shape of y to (n_samples, ), for example using ravel().
  return f(**kwargs)
../../../input/imnikhilanand_heart-attack-prediction/data.csv
Traceback (most recent call last):
  File "heart-attack-detection-proj1.py", line 117, in <module>
    from sklearn.metrics import jaccard_similarity_score
ImportError: cannot import name 'jaccard_similarity_score'
[Try Solution]: OrderedDict([('API', 'sklearn.metrics.jaccard_similarity_score'), ('action', 'arg_rename'), ('from_name', 'normalize&sample_weight'), ('to_name', 'sample_weight&y_true')])/home/cgzhu/anaconda3/envs/migration-plus/lib/python3.6/site-packages/sklearn/utils/validation.py:73: DataConversionWarning: A column-vector y was passed when a 1d array was expected. Please change the shape of y to (n_samples, ), for example using ravel().
  return f(**kwargs)
../../../input/imnikhilanand_heart-attack-prediction/data.csv
Traceback (most recent call last):
  File "heart-attack-detection-proj1.py", line 117, in <module>
    from sklearn.metrics import jaccard_similarity_score
ImportError: cannot import name 'jaccard_similarity_score'
[Try Solution]: OrderedDict([('API', 'sklearn.metrics.jaccard_similarity_score'), ('action', 'arg_rename'), ('from_name', 'normalize&y_pred'), ('to_name', 'y_pred&normalize')])/home/cgzhu/anaconda3/envs/migration-plus/lib/python3.6/site-packages/sklearn/utils/validation.py:73: DataConversionWarning: A column-vector y was passed when a 1d array was expected. Please change the shape of y to (n_samples, ), for example using ravel().
  return f(**kwargs)
../../../input/imnikhilanand_heart-attack-prediction/data.csv
Traceback (most recent call last):
  File "heart-attack-detection-proj1.py", line 117, in <module>
    from sklearn.metrics import jaccard_similarity_score
ImportError: cannot import name 'jaccard_similarity_score'
[Try Solution]: OrderedDict([('API', 'sklearn.metrics.jaccard_similarity_score'), ('action', 'arg_rename'), ('from_name', 'normalize&y_pred'), ('to_name', 'y_pred&y_true')])/home/cgzhu/anaconda3/envs/migration-plus/lib/python3.6/site-packages/sklearn/utils/validation.py:73: DataConversionWarning: A column-vector y was passed when a 1d array was expected. Please change the shape of y to (n_samples, ), for example using ravel().
  return f(**kwargs)
../../../input/imnikhilanand_heart-attack-prediction/data.csv
Traceback (most recent call last):
  File "heart-attack-detection-proj1.py", line 117, in <module>
    from sklearn.metrics import jaccard_similarity_score
ImportError: cannot import name 'jaccard_similarity_score'
[Try Solution]: OrderedDict([('API', 'sklearn.metrics.jaccard_similarity_score'), ('action', 'arg_rename'), ('from_name', 'normalize&y_pred'), ('to_name', 'y_pred&sample_weight')])/home/cgzhu/anaconda3/envs/migration-plus/lib/python3.6/site-packages/sklearn/utils/validation.py:73: DataConversionWarning: A column-vector y was passed when a 1d array was expected. Please change the shape of y to (n_samples, ), for example using ravel().
  return f(**kwargs)
../../../input/imnikhilanand_heart-attack-prediction/data.csv
Traceback (most recent call last):
  File "heart-attack-detection-proj1.py", line 117, in <module>
    from sklearn.metrics import jaccard_similarity_score
ImportError: cannot import name 'jaccard_similarity_score'
[Try Solution]: OrderedDict([('API', 'sklearn.metrics.jaccard_similarity_score'), ('action', 'arg_rename'), ('from_name', 'normalize&y_pred'), ('to_name', 'y_true&normalize')])/home/cgzhu/anaconda3/envs/migration-plus/lib/python3.6/site-packages/sklearn/utils/validation.py:73: DataConversionWarning: A column-vector y was passed when a 1d array was expected. Please change the shape of y to (n_samples, ), for example using ravel().
  return f(**kwargs)
../../../input/imnikhilanand_heart-attack-prediction/data.csv
Traceback (most recent call last):
  File "heart-attack-detection-proj1.py", line 117, in <module>
    from sklearn.metrics import jaccard_similarity_score
ImportError: cannot import name 'jaccard_similarity_score'
[Try Solution]: OrderedDict([('API', 'sklearn.metrics.jaccard_similarity_score'), ('action', 'arg_rename'), ('from_name', 'normalize&y_pred'), ('to_name', 'y_true&sample_weight')])/home/cgzhu/anaconda3/envs/migration-plus/lib/python3.6/site-packages/sklearn/utils/validation.py:73: DataConversionWarning: A column-vector y was passed when a 1d array was expected. Please change the shape of y to (n_samples, ), for example using ravel().
  return f(**kwargs)
../../../input/imnikhilanand_heart-attack-prediction/data.csv
Traceback (most recent call last):
  File "heart-attack-detection-proj1.py", line 117, in <module>
    from sklearn.metrics import jaccard_similarity_score
ImportError: cannot import name 'jaccard_similarity_score'
[Try Solution]: OrderedDict([('API', 'sklearn.metrics.jaccard_similarity_score'), ('action', 'arg_rename'), ('from_name', 'normalize&y_pred'), ('to_name', 'sample_weight&normalize')])/home/cgzhu/anaconda3/envs/migration-plus/lib/python3.6/site-packages/sklearn/utils/validation.py:73: DataConversionWarning: A column-vector y was passed when a 1d array was expected. Please change the shape of y to (n_samples, ), for example using ravel().
  return f(**kwargs)
../../../input/imnikhilanand_heart-attack-prediction/data.csv
Traceback (most recent call last):
  File "heart-attack-detection-proj1.py", line 117, in <module>
    from sklearn.metrics import jaccard_similarity_score
ImportError: cannot import name 'jaccard_similarity_score'
[Try Solution]: OrderedDict([('API', 'sklearn.metrics.jaccard_similarity_score'), ('action', 'arg_rename'), ('from_name', 'normalize&y_pred'), ('to_name', 'sample_weight&y_true')])/home/cgzhu/anaconda3/envs/migration-plus/lib/python3.6/site-packages/sklearn/utils/validation.py:73: DataConversionWarning: A column-vector y was passed when a 1d array was expected. Please change the shape of y to (n_samples, ), for example using ravel().
  return f(**kwargs)
../../../input/imnikhilanand_heart-attack-prediction/data.csv
Traceback (most recent call last):
  File "heart-attack-detection-proj1.py", line 117, in <module>
    from sklearn.metrics import jaccard_similarity_score
ImportError: cannot import name 'jaccard_similarity_score'
[Try Solution]: OrderedDict([('API', 'sklearn.metrics.jaccard_similarity_score'), ('action', 'arg_rename'), ('from_name', 'y_pred&y_true&sample_weight'), ('to_name', 'normalize&y_pred&y_true')])/home/cgzhu/anaconda3/envs/migration-plus/lib/python3.6/site-packages/sklearn/utils/validation.py:73: DataConversionWarning: A column-vector y was passed when a 1d array was expected. Please change the shape of y to (n_samples, ), for example using ravel().
  return f(**kwargs)
../../../input/imnikhilanand_heart-attack-prediction/data.csv
Traceback (most recent call last):
  File "heart-attack-detection-proj1.py", line 117, in <module>
    from sklearn.metrics import jaccard_similarity_score
ImportError: cannot import name 'jaccard_similarity_score'
[Try Solution]: OrderedDict([('API', 'sklearn.metrics.jaccard_similarity_score'), ('action', 'arg_rename'), ('from_name', 'y_pred&y_true&sample_weight'), ('to_name', 'normalize&sample_weight&y_pred')])/home/cgzhu/anaconda3/envs/migration-plus/lib/python3.6/site-packages/sklearn/utils/validation.py:73: DataConversionWarning: A column-vector y was passed when a 1d array was expected. Please change the shape of y to (n_samples, ), for example using ravel().
  return f(**kwargs)
../../../input/imnikhilanand_heart-attack-prediction/data.csv
Traceback (most recent call last):
  File "heart-attack-detection-proj1.py", line 117, in <module>
    from sklearn.metrics import jaccard_similarity_score
ImportError: cannot import name 'jaccard_similarity_score'
[Try Solution]: OrderedDict([('API', 'sklearn.metrics.jaccard_similarity_score'), ('action', 'arg_rename'), ('from_name', 'y_pred&y_true&sample_weight'), ('to_name', 'normalize&sample_weight&y_true')])/home/cgzhu/anaconda3/envs/migration-plus/lib/python3.6/site-packages/sklearn/utils/validation.py:73: DataConversionWarning: A column-vector y was passed when a 1d array was expected. Please change the shape of y to (n_samples, ), for example using ravel().
  return f(**kwargs)
../../../input/imnikhilanand_heart-attack-prediction/data.csv
Traceback (most recent call last):
  File "heart-attack-detection-proj1.py", line 117, in <module>
    from sklearn.metrics import jaccard_similarity_score
ImportError: cannot import name 'jaccard_similarity_score'
[Try Solution]: OrderedDict([('API', 'sklearn.metrics.jaccard_similarity_score'), ('action', 'arg_rename'), ('from_name', 'y_pred&y_true&sample_weight'), ('to_name', 'y_true&normalize&y_pred')])/home/cgzhu/anaconda3/envs/migration-plus/lib/python3.6/site-packages/sklearn/utils/validation.py:73: DataConversionWarning: A column-vector y was passed when a 1d array was expected. Please change the shape of y to (n_samples, ), for example using ravel().
  return f(**kwargs)
../../../input/imnikhilanand_heart-attack-prediction/data.csv
Traceback (most recent call last):
  File "heart-attack-detection-proj1.py", line 117, in <module>
    from sklearn.metrics import jaccard_similarity_score
ImportError: cannot import name 'jaccard_similarity_score'
[Try Solution]: OrderedDict([('API', 'sklearn.metrics.jaccard_similarity_score'), ('action', 'arg_rename'), ('from_name', 'y_pred&y_true&sample_weight'), ('to_name', 'y_true&y_pred&normalize')])/home/cgzhu/anaconda3/envs/migration-plus/lib/python3.6/site-packages/sklearn/utils/validation.py:73: DataConversionWarning: A column-vector y was passed when a 1d array was expected. Please change the shape of y to (n_samples, ), for example using ravel().
  return f(**kwargs)
../../../input/imnikhilanand_heart-attack-prediction/data.csv
Traceback (most recent call last):
  File "heart-attack-detection-proj1.py", line 117, in <module>
    from sklearn.metrics import jaccard_similarity_score
ImportError: cannot import name 'jaccard_similarity_score'
[Try Solution]: OrderedDict([('API', 'sklearn.metrics.jaccard_similarity_score'), ('action', 'arg_rename'), ('from_name', 'y_pred&y_true&sample_weight'), ('to_name', 'y_true&sample_weight&normalize')])/home/cgzhu/anaconda3/envs/migration-plus/lib/python3.6/site-packages/sklearn/utils/validation.py:73: DataConversionWarning: A column-vector y was passed when a 1d array was expected. Please change the shape of y to (n_samples, ), for example using ravel().
  return f(**kwargs)
../../../input/imnikhilanand_heart-attack-prediction/data.csv
Traceback (most recent call last):
  File "heart-attack-detection-proj1.py", line 117, in <module>
    from sklearn.metrics import jaccard_similarity_score
ImportError: cannot import name 'jaccard_similarity_score'
[Try Solution]: OrderedDict([('API', 'sklearn.metrics.jaccard_similarity_score'), ('action', 'arg_rename'), ('from_name', 'y_pred&y_true&sample_weight'), ('to_name', 'y_true&sample_weight&y_pred')])/home/cgzhu/anaconda3/envs/migration-plus/lib/python3.6/site-packages/sklearn/utils/validation.py:73: DataConversionWarning: A column-vector y was passed when a 1d array was expected. Please change the shape of y to (n_samples, ), for example using ravel().
  return f(**kwargs)
../../../input/imnikhilanand_heart-attack-prediction/data.csv
Traceback (most recent call last):
  File "heart-attack-detection-proj1.py", line 117, in <module>
    from sklearn.metrics import jaccard_similarity_score
ImportError: cannot import name 'jaccard_similarity_score'
[Try Solution]: OrderedDict([('API', 'sklearn.metrics.jaccard_similarity_score'), ('action', 'arg_rename'), ('from_name', 'y_pred&y_true&sample_weight'), ('to_name', 'sample_weight&normalize&y_pred')])/home/cgzhu/anaconda3/envs/migration-plus/lib/python3.6/site-packages/sklearn/utils/validation.py:73: DataConversionWarning: A column-vector y was passed when a 1d array was expected. Please change the shape of y to (n_samples, ), for example using ravel().
  return f(**kwargs)
../../../input/imnikhilanand_heart-attack-prediction/data.csv
Traceback (most recent call last):
  File "heart-attack-detection-proj1.py", line 117, in <module>
    from sklearn.metrics import jaccard_similarity_score
ImportError: cannot import name 'jaccard_similarity_score'
[Try Solution]: OrderedDict([('API', 'sklearn.metrics.jaccard_similarity_score'), ('action', 'arg_rename'), ('from_name', 'y_pred&y_true&sample_weight'), ('to_name', 'sample_weight&normalize&y_true')])/home/cgzhu/anaconda3/envs/migration-plus/lib/python3.6/site-packages/sklearn/utils/validation.py:73: DataConversionWarning: A column-vector y was passed when a 1d array was expected. Please change the shape of y to (n_samples, ), for example using ravel().
  return f(**kwargs)
../../../input/imnikhilanand_heart-attack-prediction/data.csv
Traceback (most recent call last):
  File "heart-attack-detection-proj1.py", line 117, in <module>
    from sklearn.metrics import jaccard_similarity_score
ImportError: cannot import name 'jaccard_similarity_score'
[Try Solution]: OrderedDict([('API', 'sklearn.metrics.jaccard_similarity_score'), ('action', 'arg_rename'), ('from_name', 'y_pred&y_true&sample_weight'), ('to_name', 'sample_weight&y_pred&normalize')])/home/cgzhu/anaconda3/envs/migration-plus/lib/python3.6/site-packages/sklearn/utils/validation.py:73: DataConversionWarning: A column-vector y was passed when a 1d array was expected. Please change the shape of y to (n_samples, ), for example using ravel().
  return f(**kwargs)
../../../input/imnikhilanand_heart-attack-prediction/data.csv
Traceback (most recent call last):
  File "heart-attack-detection-proj1.py", line 117, in <module>
    from sklearn.metrics import jaccard_similarity_score
ImportError: cannot import name 'jaccard_similarity_score'
[Try Solution]: OrderedDict([('API', 'sklearn.metrics.jaccard_similarity_score'), ('action', 'arg_rename'), ('from_name', 'y_pred&y_true&sample_weight'), ('to_name', 'sample_weight&y_pred&y_true')])/home/cgzhu/anaconda3/envs/migration-plus/lib/python3.6/site-packages/sklearn/utils/validation.py:73: DataConversionWarning: A column-vector y was passed when a 1d array was expected. Please change the shape of y to (n_samples, ), for example using ravel().
  return f(**kwargs)
../../../input/imnikhilanand_heart-attack-prediction/data.csv
Traceback (most recent call last):
  File "heart-attack-detection-proj1.py", line 117, in <module>
    from sklearn.metrics import jaccard_similarity_score
ImportError: cannot import name 'jaccard_similarity_score'
[Try Solution]: OrderedDict([('API', 'sklearn.metrics.jaccard_similarity_score'), ('action', 'arg_rename'), ('from_name', 'normalize&y_true&sample_weight'), ('to_name', 'y_pred&normalize&y_true')])/home/cgzhu/anaconda3/envs/migration-plus/lib/python3.6/site-packages/sklearn/utils/validation.py:73: DataConversionWarning: A column-vector y was passed when a 1d array was expected. Please change the shape of y to (n_samples, ), for example using ravel().
  return f(**kwargs)
../../../input/imnikhilanand_heart-attack-prediction/data.csv
Traceback (most recent call last):
  File "heart-attack-detection-proj1.py", line 117, in <module>
    from sklearn.metrics import jaccard_similarity_score
ImportError: cannot import name 'jaccard_similarity_score'
[Try Solution]: OrderedDict([('API', 'sklearn.metrics.jaccard_similarity_score'), ('action', 'arg_rename'), ('from_name', 'normalize&y_true&sample_weight'), ('to_name', 'y_pred&sample_weight&normalize')])/home/cgzhu/anaconda3/envs/migration-plus/lib/python3.6/site-packages/sklearn/utils/validation.py:73: DataConversionWarning: A column-vector y was passed when a 1d array was expected. Please change the shape of y to (n_samples, ), for example using ravel().
  return f(**kwargs)
../../../input/imnikhilanand_heart-attack-prediction/data.csv
Traceback (most recent call last):
  File "heart-attack-detection-proj1.py", line 117, in <module>
    from sklearn.metrics import jaccard_similarity_score
ImportError: cannot import name 'jaccard_similarity_score'
[Try Solution]: OrderedDict([('API', 'sklearn.metrics.jaccard_similarity_score'), ('action', 'arg_rename'), ('from_name', 'normalize&y_true&sample_weight'), ('to_name', 'y_pred&sample_weight&y_true')])/home/cgzhu/anaconda3/envs/migration-plus/lib/python3.6/site-packages/sklearn/utils/validation.py:73: DataConversionWarning: A column-vector y was passed when a 1d array was expected. Please change the shape of y to (n_samples, ), for example using ravel().
  return f(**kwargs)
../../../input/imnikhilanand_heart-attack-prediction/data.csv
Traceback (most recent call last):
  File "heart-attack-detection-proj1.py", line 117, in <module>
    from sklearn.metrics import jaccard_similarity_score
ImportError: cannot import name 'jaccard_similarity_score'
[Try Solution]: OrderedDict([('API', 'sklearn.metrics.jaccard_similarity_score'), ('action', 'arg_rename'), ('from_name', 'normalize&y_true&sample_weight'), ('to_name', 'y_true&normalize&y_pred')])/home/cgzhu/anaconda3/envs/migration-plus/lib/python3.6/site-packages/sklearn/utils/validation.py:73: DataConversionWarning: A column-vector y was passed when a 1d array was expected. Please change the shape of y to (n_samples, ), for example using ravel().
  return f(**kwargs)
../../../input/imnikhilanand_heart-attack-prediction/data.csv
Traceback (most recent call last):
  File "heart-attack-detection-proj1.py", line 117, in <module>
    from sklearn.metrics import jaccard_similarity_score
ImportError: cannot import name 'jaccard_similarity_score'
[Try Solution]: OrderedDict([('API', 'sklearn.metrics.jaccard_similarity_score'), ('action', 'arg_rename'), ('from_name', 'normalize&y_true&sample_weight'), ('to_name', 'y_true&y_pred&normalize')])/home/cgzhu/anaconda3/envs/migration-plus/lib/python3.6/site-packages/sklearn/utils/validation.py:73: DataConversionWarning: A column-vector y was passed when a 1d array was expected. Please change the shape of y to (n_samples, ), for example using ravel().
  return f(**kwargs)
../../../input/imnikhilanand_heart-attack-prediction/data.csv
Traceback (most recent call last):
  File "heart-attack-detection-proj1.py", line 117, in <module>
    from sklearn.metrics import jaccard_similarity_score
ImportError: cannot import name 'jaccard_similarity_score'
[Try Solution]: OrderedDict([('API', 'sklearn.metrics.jaccard_similarity_score'), ('action', 'arg_rename'), ('from_name', 'normalize&y_true&sample_weight'), ('to_name', 'y_true&sample_weight&normalize')])/home/cgzhu/anaconda3/envs/migration-plus/lib/python3.6/site-packages/sklearn/utils/validation.py:73: DataConversionWarning: A column-vector y was passed when a 1d array was expected. Please change the shape of y to (n_samples, ), for example using ravel().
  return f(**kwargs)
../../../input/imnikhilanand_heart-attack-prediction/data.csv
Traceback (most recent call last):
  File "heart-attack-detection-proj1.py", line 117, in <module>
    from sklearn.metrics import jaccard_similarity_score
ImportError: cannot import name 'jaccard_similarity_score'
[Try Solution]: OrderedDict([('API', 'sklearn.metrics.jaccard_similarity_score'), ('action', 'arg_rename'), ('from_name', 'normalize&y_true&sample_weight'), ('to_name', 'y_true&sample_weight&y_pred')])/home/cgzhu/anaconda3/envs/migration-plus/lib/python3.6/site-packages/sklearn/utils/validation.py:73: DataConversionWarning: A column-vector y was passed when a 1d array was expected. Please change the shape of y to (n_samples, ), for example using ravel().
  return f(**kwargs)
../../../input/imnikhilanand_heart-attack-prediction/data.csv
Traceback (most recent call last):
  File "heart-attack-detection-proj1.py", line 117, in <module>
    from sklearn.metrics import jaccard_similarity_score
ImportError: cannot import name 'jaccard_similarity_score'
[Try Solution]: OrderedDict([('API', 'sklearn.metrics.jaccard_similarity_score'), ('action', 'arg_rename'), ('from_name', 'normalize&y_true&sample_weight'), ('to_name', 'sample_weight&normalize&y_pred')])/home/cgzhu/anaconda3/envs/migration-plus/lib/python3.6/site-packages/sklearn/utils/validation.py:73: DataConversionWarning: A column-vector y was passed when a 1d array was expected. Please change the shape of y to (n_samples, ), for example using ravel().
  return f(**kwargs)
../../../input/imnikhilanand_heart-attack-prediction/data.csv
Traceback (most recent call last):
  File "heart-attack-detection-proj1.py", line 117, in <module>
    from sklearn.metrics import jaccard_similarity_score
ImportError: cannot import name 'jaccard_similarity_score'
[Try Solution]: OrderedDict([('API', 'sklearn.metrics.jaccard_similarity_score'), ('action', 'arg_rename'), ('from_name', 'normalize&y_true&sample_weight'), ('to_name', 'sample_weight&normalize&y_true')])/home/cgzhu/anaconda3/envs/migration-plus/lib/python3.6/site-packages/sklearn/utils/validation.py:73: DataConversionWarning: A column-vector y was passed when a 1d array was expected. Please change the shape of y to (n_samples, ), for example using ravel().
  return f(**kwargs)
../../../input/imnikhilanand_heart-attack-prediction/data.csv
Traceback (most recent call last):
  File "heart-attack-detection-proj1.py", line 117, in <module>
    from sklearn.metrics import jaccard_similarity_score
ImportError: cannot import name 'jaccard_similarity_score'
[Try Solution]: OrderedDict([('API', 'sklearn.metrics.jaccard_similarity_score'), ('action', 'arg_rename'), ('from_name', 'normalize&y_true&sample_weight'), ('to_name', 'sample_weight&y_pred&normalize')])/home/cgzhu/anaconda3/envs/migration-plus/lib/python3.6/site-packages/sklearn/utils/validation.py:73: DataConversionWarning: A column-vector y was passed when a 1d array was expected. Please change the shape of y to (n_samples, ), for example using ravel().
  return f(**kwargs)
../../../input/imnikhilanand_heart-attack-prediction/data.csv
Traceback (most recent call last):
  File "heart-attack-detection-proj1.py", line 117, in <module>
    from sklearn.metrics import jaccard_similarity_score
ImportError: cannot import name 'jaccard_similarity_score'
[Try Solution]: OrderedDict([('API', 'sklearn.metrics.jaccard_similarity_score'), ('action', 'arg_rename'), ('from_name', 'normalize&y_true&sample_weight'), ('to_name', 'sample_weight&y_pred&y_true')])/home/cgzhu/anaconda3/envs/migration-plus/lib/python3.6/site-packages/sklearn/utils/validation.py:73: DataConversionWarning: A column-vector y was passed when a 1d array was expected. Please change the shape of y to (n_samples, ), for example using ravel().
  return f(**kwargs)
../../../input/imnikhilanand_heart-attack-prediction/data.csv
Traceback (most recent call last):
  File "heart-attack-detection-proj1.py", line 117, in <module>
    from sklearn.metrics import jaccard_similarity_score
ImportError: cannot import name 'jaccard_similarity_score'
[Try Solution]: OrderedDict([('API', 'sklearn.metrics.jaccard_similarity_score'), ('action', 'arg_rename'), ('from_name', 'normalize&y_pred&y_true'), ('to_name', 'y_pred&normalize&sample_weight')])/home/cgzhu/anaconda3/envs/migration-plus/lib/python3.6/site-packages/sklearn/utils/validation.py:73: DataConversionWarning: A column-vector y was passed when a 1d array was expected. Please change the shape of y to (n_samples, ), for example using ravel().
  return f(**kwargs)
../../../input/imnikhilanand_heart-attack-prediction/data.csv
Traceback (most recent call last):
  File "heart-attack-detection-proj1.py", line 117, in <module>
    from sklearn.metrics import jaccard_similarity_score
ImportError: cannot import name 'jaccard_similarity_score'
[Try Solution]: OrderedDict([('API', 'sklearn.metrics.jaccard_similarity_score'), ('action', 'arg_rename'), ('from_name', 'normalize&y_pred&y_true'), ('to_name', 'y_pred&y_true&normalize')])/home/cgzhu/anaconda3/envs/migration-plus/lib/python3.6/site-packages/sklearn/utils/validation.py:73: DataConversionWarning: A column-vector y was passed when a 1d array was expected. Please change the shape of y to (n_samples, ), for example using ravel().
  return f(**kwargs)
../../../input/imnikhilanand_heart-attack-prediction/data.csv
Traceback (most recent call last):
  File "heart-attack-detection-proj1.py", line 117, in <module>
    from sklearn.metrics import jaccard_similarity_score
ImportError: cannot import name 'jaccard_similarity_score'
[Try Solution]: OrderedDict([('API', 'sklearn.metrics.jaccard_similarity_score'), ('action', 'arg_rename'), ('from_name', 'normalize&y_pred&y_true'), ('to_name', 'y_pred&y_true&sample_weight')])/home/cgzhu/anaconda3/envs/migration-plus/lib/python3.6/site-packages/sklearn/utils/validation.py:73: DataConversionWarning: A column-vector y was passed when a 1d array was expected. Please change the shape of y to (n_samples, ), for example using ravel().
  return f(**kwargs)
../../../input/imnikhilanand_heart-attack-prediction/data.csv
Traceback (most recent call last):
  File "heart-attack-detection-proj1.py", line 117, in <module>
    from sklearn.metrics import jaccard_similarity_score
ImportError: cannot import name 'jaccard_similarity_score'
[Try Solution]: OrderedDict([('API', 'sklearn.metrics.jaccard_similarity_score'), ('action', 'arg_rename'), ('from_name', 'normalize&y_pred&y_true'), ('to_name', 'y_pred&sample_weight&normalize')])/home/cgzhu/anaconda3/envs/migration-plus/lib/python3.6/site-packages/sklearn/utils/validation.py:73: DataConversionWarning: A column-vector y was passed when a 1d array was expected. Please change the shape of y to (n_samples, ), for example using ravel().
  return f(**kwargs)
../../../input/imnikhilanand_heart-attack-prediction/data.csv
Traceback (most recent call last):
  File "heart-attack-detection-proj1.py", line 117, in <module>
    from sklearn.metrics import jaccard_similarity_score
ImportError: cannot import name 'jaccard_similarity_score'
[Try Solution]: OrderedDict([('API', 'sklearn.metrics.jaccard_similarity_score'), ('action', 'arg_rename'), ('from_name', 'normalize&y_pred&y_true'), ('to_name', 'y_true&normalize&y_pred')])/home/cgzhu/anaconda3/envs/migration-plus/lib/python3.6/site-packages/sklearn/utils/validation.py:73: DataConversionWarning: A column-vector y was passed when a 1d array was expected. Please change the shape of y to (n_samples, ), for example using ravel().
  return f(**kwargs)
../../../input/imnikhilanand_heart-attack-prediction/data.csv
Traceback (most recent call last):
  File "heart-attack-detection-proj1.py", line 117, in <module>
    from sklearn.metrics import jaccard_similarity_score
ImportError: cannot import name 'jaccard_similarity_score'
[Try Solution]: OrderedDict([('API', 'sklearn.metrics.jaccard_similarity_score'), ('action', 'arg_rename'), ('from_name', 'normalize&y_pred&y_true'), ('to_name', 'y_true&normalize&sample_weight')])/home/cgzhu/anaconda3/envs/migration-plus/lib/python3.6/site-packages/sklearn/utils/validation.py:73: DataConversionWarning: A column-vector y was passed when a 1d array was expected. Please change the shape of y to (n_samples, ), for example using ravel().
  return f(**kwargs)
../../../input/imnikhilanand_heart-attack-prediction/data.csv
Traceback (most recent call last):
  File "heart-attack-detection-proj1.py", line 117, in <module>
    from sklearn.metrics import jaccard_similarity_score
ImportError: cannot import name 'jaccard_similarity_score'
[Try Solution]: OrderedDict([('API', 'sklearn.metrics.jaccard_similarity_score'), ('action', 'arg_rename'), ('from_name', 'normalize&y_pred&y_true'), ('to_name', 'y_true&sample_weight&normalize')])/home/cgzhu/anaconda3/envs/migration-plus/lib/python3.6/site-packages/sklearn/utils/validation.py:73: DataConversionWarning: A column-vector y was passed when a 1d array was expected. Please change the shape of y to (n_samples, ), for example using ravel().
  return f(**kwargs)
../../../input/imnikhilanand_heart-attack-prediction/data.csv
Traceback (most recent call last):
  File "heart-attack-detection-proj1.py", line 117, in <module>
    from sklearn.metrics import jaccard_similarity_score
ImportError: cannot import name 'jaccard_similarity_score'
[Try Solution]: OrderedDict([('API', 'sklearn.metrics.jaccard_similarity_score'), ('action', 'arg_rename'), ('from_name', 'normalize&y_pred&y_true'), ('to_name', 'y_true&sample_weight&y_pred')])/home/cgzhu/anaconda3/envs/migration-plus/lib/python3.6/site-packages/sklearn/utils/validation.py:73: DataConversionWarning: A column-vector y was passed when a 1d array was expected. Please change the shape of y to (n_samples, ), for example using ravel().
  return f(**kwargs)
../../../input/imnikhilanand_heart-attack-prediction/data.csv
Traceback (most recent call last):
  File "heart-attack-detection-proj1.py", line 117, in <module>
    from sklearn.metrics import jaccard_similarity_score
ImportError: cannot import name 'jaccard_similarity_score'
[Try Solution]: OrderedDict([('API', 'sklearn.metrics.jaccard_similarity_score'), ('action', 'arg_rename'), ('from_name', 'normalize&y_pred&y_true'), ('to_name', 'sample_weight&normalize&y_pred')])/home/cgzhu/anaconda3/envs/migration-plus/lib/python3.6/site-packages/sklearn/utils/validation.py:73: DataConversionWarning: A column-vector y was passed when a 1d array was expected. Please change the shape of y to (n_samples, ), for example using ravel().
  return f(**kwargs)
../../../input/imnikhilanand_heart-attack-prediction/data.csv
Traceback (most recent call last):
  File "heart-attack-detection-proj1.py", line 117, in <module>
    from sklearn.metrics import jaccard_similarity_score
ImportError: cannot import name 'jaccard_similarity_score'
[Try Solution]: OrderedDict([('API', 'sklearn.metrics.jaccard_similarity_score'), ('action', 'arg_rename'), ('from_name', 'normalize&y_pred&y_true'), ('to_name', 'sample_weight&y_true&normalize')])/home/cgzhu/anaconda3/envs/migration-plus/lib/python3.6/site-packages/sklearn/utils/validation.py:73: DataConversionWarning: A column-vector y was passed when a 1d array was expected. Please change the shape of y to (n_samples, ), for example using ravel().
  return f(**kwargs)
../../../input/imnikhilanand_heart-attack-prediction/data.csv
Traceback (most recent call last):
  File "heart-attack-detection-proj1.py", line 117, in <module>
    from sklearn.metrics import jaccard_similarity_score
ImportError: cannot import name 'jaccard_similarity_score'
[Try Solution]: OrderedDict([('API', 'sklearn.metrics.jaccard_similarity_score'), ('action', 'arg_rename'), ('from_name', 'normalize&y_pred&y_true'), ('to_name', 'sample_weight&y_true&y_pred')])/home/cgzhu/anaconda3/envs/migration-plus/lib/python3.6/site-packages/sklearn/utils/validation.py:73: DataConversionWarning: A column-vector y was passed when a 1d array was expected. Please change the shape of y to (n_samples, ), for example using ravel().
  return f(**kwargs)
../../../input/imnikhilanand_heart-attack-prediction/data.csv
Traceback (most recent call last):
  File "heart-attack-detection-proj1.py", line 117, in <module>
    from sklearn.metrics import jaccard_similarity_score
ImportError: cannot import name 'jaccard_similarity_score'
[Try Solution]: OrderedDict([('API', 'sklearn.metrics.jaccard_similarity_score'), ('action', 'arg_rename'), ('from_name', 'normalize&y_pred&sample_weight'), ('to_name', 'y_pred&normalize&y_true')])/home/cgzhu/anaconda3/envs/migration-plus/lib/python3.6/site-packages/sklearn/utils/validation.py:73: DataConversionWarning: A column-vector y was passed when a 1d array was expected. Please change the shape of y to (n_samples, ), for example using ravel().
  return f(**kwargs)
../../../input/imnikhilanand_heart-attack-prediction/data.csv
Traceback (most recent call last):
  File "heart-attack-detection-proj1.py", line 117, in <module>
    from sklearn.metrics import jaccard_similarity_score
ImportError: cannot import name 'jaccard_similarity_score'
[Try Solution]: OrderedDict([('API', 'sklearn.metrics.jaccard_similarity_score'), ('action', 'arg_rename'), ('from_name', 'normalize&y_pred&sample_weight'), ('to_name', 'y_pred&y_true&normalize')])/home/cgzhu/anaconda3/envs/migration-plus/lib/python3.6/site-packages/sklearn/utils/validation.py:73: DataConversionWarning: A column-vector y was passed when a 1d array was expected. Please change the shape of y to (n_samples, ), for example using ravel().
  return f(**kwargs)
../../../input/imnikhilanand_heart-attack-prediction/data.csv
Traceback (most recent call last):
  File "heart-attack-detection-proj1.py", line 117, in <module>
    from sklearn.metrics import jaccard_similarity_score
ImportError: cannot import name 'jaccard_similarity_score'
[Try Solution]: OrderedDict([('API', 'sklearn.metrics.jaccard_similarity_score'), ('action', 'arg_rename'), ('from_name', 'normalize&y_pred&sample_weight'), ('to_name', 'y_pred&sample_weight&normalize')])/home/cgzhu/anaconda3/envs/migration-plus/lib/python3.6/site-packages/sklearn/utils/validation.py:73: DataConversionWarning: A column-vector y was passed when a 1d array was expected. Please change the shape of y to (n_samples, ), for example using ravel().
  return f(**kwargs)
../../../input/imnikhilanand_heart-attack-prediction/data.csv
Traceback (most recent call last):
  File "heart-attack-detection-proj1.py", line 117, in <module>
    from sklearn.metrics import jaccard_similarity_score
ImportError: cannot import name 'jaccard_similarity_score'
[Try Solution]: OrderedDict([('API', 'sklearn.metrics.jaccard_similarity_score'), ('action', 'arg_rename'), ('from_name', 'normalize&y_pred&sample_weight'), ('to_name', 'y_pred&sample_weight&y_true')])/home/cgzhu/anaconda3/envs/migration-plus/lib/python3.6/site-packages/sklearn/utils/validation.py:73: DataConversionWarning: A column-vector y was passed when a 1d array was expected. Please change the shape of y to (n_samples, ), for example using ravel().
  return f(**kwargs)
../../../input/imnikhilanand_heart-attack-prediction/data.csv
Traceback (most recent call last):
  File "heart-attack-detection-proj1.py", line 117, in <module>
    from sklearn.metrics import jaccard_similarity_score
ImportError: cannot import name 'jaccard_similarity_score'
[Try Solution]: OrderedDict([('API', 'sklearn.metrics.jaccard_similarity_score'), ('action', 'arg_rename'), ('from_name', 'normalize&y_pred&sample_weight'), ('to_name', 'y_true&normalize&y_pred')])/home/cgzhu/anaconda3/envs/migration-plus/lib/python3.6/site-packages/sklearn/utils/validation.py:73: DataConversionWarning: A column-vector y was passed when a 1d array was expected. Please change the shape of y to (n_samples, ), for example using ravel().
  return f(**kwargs)
../../../input/imnikhilanand_heart-attack-prediction/data.csv
Traceback (most recent call last):
  File "heart-attack-detection-proj1.py", line 117, in <module>
    from sklearn.metrics import jaccard_similarity_score
ImportError: cannot import name 'jaccard_similarity_score'
[Try Solution]: OrderedDict([('API', 'sklearn.metrics.jaccard_similarity_score'), ('action', 'arg_rename'), ('from_name', 'normalize&y_pred&sample_weight'), ('to_name', 'y_true&sample_weight&normalize')])/home/cgzhu/anaconda3/envs/migration-plus/lib/python3.6/site-packages/sklearn/utils/validation.py:73: DataConversionWarning: A column-vector y was passed when a 1d array was expected. Please change the shape of y to (n_samples, ), for example using ravel().
  return f(**kwargs)
../../../input/imnikhilanand_heart-attack-prediction/data.csv
Traceback (most recent call last):
  File "heart-attack-detection-proj1.py", line 117, in <module>
    from sklearn.metrics import jaccard_similarity_score
ImportError: cannot import name 'jaccard_similarity_score'
[Try Solution]: OrderedDict([('API', 'sklearn.metrics.jaccard_similarity_score'), ('action', 'arg_rename'), ('from_name', 'normalize&y_pred&sample_weight'), ('to_name', 'y_true&sample_weight&y_pred')])/home/cgzhu/anaconda3/envs/migration-plus/lib/python3.6/site-packages/sklearn/utils/validation.py:73: DataConversionWarning: A column-vector y was passed when a 1d array was expected. Please change the shape of y to (n_samples, ), for example using ravel().
  return f(**kwargs)
../../../input/imnikhilanand_heart-attack-prediction/data.csv
Traceback (most recent call last):
  File "heart-attack-detection-proj1.py", line 117, in <module>
    from sklearn.metrics import jaccard_similarity_score
ImportError: cannot import name 'jaccard_similarity_score'
[Try Solution]: OrderedDict([('API', 'sklearn.metrics.jaccard_similarity_score'), ('action', 'arg_rename'), ('from_name', 'normalize&y_pred&sample_weight'), ('to_name', 'sample_weight&normalize&y_pred')])/home/cgzhu/anaconda3/envs/migration-plus/lib/python3.6/site-packages/sklearn/utils/validation.py:73: DataConversionWarning: A column-vector y was passed when a 1d array was expected. Please change the shape of y to (n_samples, ), for example using ravel().
  return f(**kwargs)
../../../input/imnikhilanand_heart-attack-prediction/data.csv
Traceback (most recent call last):
  File "heart-attack-detection-proj1.py", line 117, in <module>
    from sklearn.metrics import jaccard_similarity_score
ImportError: cannot import name 'jaccard_similarity_score'
[Try Solution]: OrderedDict([('API', 'sklearn.metrics.jaccard_similarity_score'), ('action', 'arg_rename'), ('from_name', 'normalize&y_pred&sample_weight'), ('to_name', 'sample_weight&normalize&y_true')])/home/cgzhu/anaconda3/envs/migration-plus/lib/python3.6/site-packages/sklearn/utils/validation.py:73: DataConversionWarning: A column-vector y was passed when a 1d array was expected. Please change the shape of y to (n_samples, ), for example using ravel().
  return f(**kwargs)
../../../input/imnikhilanand_heart-attack-prediction/data.csv
Traceback (most recent call last):
  File "heart-attack-detection-proj1.py", line 117, in <module>
    from sklearn.metrics import jaccard_similarity_score
ImportError: cannot import name 'jaccard_similarity_score'
[Try Solution]: OrderedDict([('API', 'sklearn.metrics.jaccard_similarity_score'), ('action', 'arg_rename'), ('from_name', 'normalize&y_pred&sample_weight'), ('to_name', 'sample_weight&y_true&normalize')])/home/cgzhu/anaconda3/envs/migration-plus/lib/python3.6/site-packages/sklearn/utils/validation.py:73: DataConversionWarning: A column-vector y was passed when a 1d array was expected. Please change the shape of y to (n_samples, ), for example using ravel().
  return f(**kwargs)
../../../input/imnikhilanand_heart-attack-prediction/data.csv
Traceback (most recent call last):
  File "heart-attack-detection-proj1.py", line 117, in <module>
    from sklearn.metrics import jaccard_similarity_score
ImportError: cannot import name 'jaccard_similarity_score'
[Try Solution]: OrderedDict([('API', 'sklearn.metrics.jaccard_similarity_score'), ('action', 'arg_rename'), ('from_name', 'normalize&y_pred&sample_weight'), ('to_name', 'sample_weight&y_true&y_pred')])/home/cgzhu/anaconda3/envs/migration-plus/lib/python3.6/site-packages/sklearn/utils/validation.py:73: DataConversionWarning: A column-vector y was passed when a 1d array was expected. Please change the shape of y to (n_samples, ), for example using ravel().
  return f(**kwargs)
../../../input/imnikhilanand_heart-attack-prediction/data.csv
Traceback (most recent call last):
  File "heart-attack-detection-proj1.py", line 117, in <module>
    from sklearn.metrics import jaccard_similarity_score
ImportError: cannot import name 'jaccard_similarity_score'
[Try Solution]: OrderedDict([('API', 'sklearn.metrics.jaccard_similarity_score'), ('action', 'arg_rename'), ('from_name', 'normalize&y_pred&y_true&sample_weight'), ('to_name', 'y_pred&normalize&sample_weight&y_true')])/home/cgzhu/anaconda3/envs/migration-plus/lib/python3.6/site-packages/sklearn/utils/validation.py:73: DataConversionWarning: A column-vector y was passed when a 1d array was expected. Please change the shape of y to (n_samples, ), for example using ravel().
  return f(**kwargs)
../../../input/imnikhilanand_heart-attack-prediction/data.csv
Traceback (most recent call last):
  File "heart-attack-detection-proj1.py", line 117, in <module>
    from sklearn.metrics import jaccard_similarity_score
ImportError: cannot import name 'jaccard_similarity_score'
[Try Solution]: OrderedDict([('API', 'sklearn.metrics.jaccard_similarity_score'), ('action', 'arg_rename'), ('from_name', 'normalize&y_pred&y_true&sample_weight'), ('to_name', 'y_pred&y_true&sample_weight&normalize')])/home/cgzhu/anaconda3/envs/migration-plus/lib/python3.6/site-packages/sklearn/utils/validation.py:73: DataConversionWarning: A column-vector y was passed when a 1d array was expected. Please change the shape of y to (n_samples, ), for example using ravel().
  return f(**kwargs)
../../../input/imnikhilanand_heart-attack-prediction/data.csv
Traceback (most recent call last):
  File "heart-attack-detection-proj1.py", line 117, in <module>
    from sklearn.metrics import jaccard_similarity_score
ImportError: cannot import name 'jaccard_similarity_score'
[Try Solution]: OrderedDict([('API', 'sklearn.metrics.jaccard_similarity_score'), ('action', 'arg_rename'), ('from_name', 'normalize&y_pred&y_true&sample_weight'), ('to_name', 'y_pred&sample_weight&normalize&y_true')])/home/cgzhu/anaconda3/envs/migration-plus/lib/python3.6/site-packages/sklearn/utils/validation.py:73: DataConversionWarning: A column-vector y was passed when a 1d array was expected. Please change the shape of y to (n_samples, ), for example using ravel().
  return f(**kwargs)
../../../input/imnikhilanand_heart-attack-prediction/data.csv
Traceback (most recent call last):
  File "heart-attack-detection-proj1.py", line 117, in <module>
    from sklearn.metrics import jaccard_similarity_score
ImportError: cannot import name 'jaccard_similarity_score'
[Try Solution]: OrderedDict([('API', 'sklearn.metrics.jaccard_similarity_score'), ('action', 'arg_rename'), ('from_name', 'normalize&y_pred&y_true&sample_weight'), ('to_name', 'y_true&normalize&sample_weight&y_pred')])/home/cgzhu/anaconda3/envs/migration-plus/lib/python3.6/site-packages/sklearn/utils/validation.py:73: DataConversionWarning: A column-vector y was passed when a 1d array was expected. Please change the shape of y to (n_samples, ), for example using ravel().
  return f(**kwargs)
../../../input/imnikhilanand_heart-attack-prediction/data.csv
Traceback (most recent call last):
  File "heart-attack-detection-proj1.py", line 117, in <module>
    from sklearn.metrics import jaccard_similarity_score
ImportError: cannot import name 'jaccard_similarity_score'
[Try Solution]: OrderedDict([('API', 'sklearn.metrics.jaccard_similarity_score'), ('action', 'arg_rename'), ('from_name', 'normalize&y_pred&y_true&sample_weight'), ('to_name', 'y_true&sample_weight&normalize&y_pred')])/home/cgzhu/anaconda3/envs/migration-plus/lib/python3.6/site-packages/sklearn/utils/validation.py:73: DataConversionWarning: A column-vector y was passed when a 1d array was expected. Please change the shape of y to (n_samples, ), for example using ravel().
  return f(**kwargs)
../../../input/imnikhilanand_heart-attack-prediction/data.csv
Traceback (most recent call last):
  File "heart-attack-detection-proj1.py", line 117, in <module>
    from sklearn.metrics import jaccard_similarity_score
ImportError: cannot import name 'jaccard_similarity_score'
[Try Solution]: OrderedDict([('API', 'sklearn.metrics.jaccard_similarity_score'), ('action', 'arg_rename'), ('from_name', 'normalize&y_pred&y_true&sample_weight'), ('to_name', 'y_true&sample_weight&y_pred&normalize')])/home/cgzhu/anaconda3/envs/migration-plus/lib/python3.6/site-packages/sklearn/utils/validation.py:73: DataConversionWarning: A column-vector y was passed when a 1d array was expected. Please change the shape of y to (n_samples, ), for example using ravel().
  return f(**kwargs)
../../../input/imnikhilanand_heart-attack-prediction/data.csv
Traceback (most recent call last):
  File "heart-attack-detection-proj1.py", line 117, in <module>
    from sklearn.metrics import jaccard_similarity_score
ImportError: cannot import name 'jaccard_similarity_score'
[Try Solution]: OrderedDict([('API', 'sklearn.metrics.jaccard_similarity_score'), ('action', 'arg_rename'), ('from_name', 'normalize&y_pred&y_true&sample_weight'), ('to_name', 'sample_weight&normalize&y_pred&y_true')])/home/cgzhu/anaconda3/envs/migration-plus/lib/python3.6/site-packages/sklearn/utils/validation.py:73: DataConversionWarning: A column-vector y was passed when a 1d array was expected. Please change the shape of y to (n_samples, ), for example using ravel().
  return f(**kwargs)
../../../input/imnikhilanand_heart-attack-prediction/data.csv
Traceback (most recent call last):
  File "heart-attack-detection-proj1.py", line 117, in <module>
    from sklearn.metrics import jaccard_similarity_score
ImportError: cannot import name 'jaccard_similarity_score'
[Try Solution]: OrderedDict([('API', 'sklearn.metrics.jaccard_similarity_score'), ('action', 'arg_rename'), ('from_name', 'normalize&y_pred&y_true&sample_weight'), ('to_name', 'sample_weight&y_true&normalize&y_pred')])/home/cgzhu/anaconda3/envs/migration-plus/lib/python3.6/site-packages/sklearn/utils/validation.py:73: DataConversionWarning: A column-vector y was passed when a 1d array was expected. Please change the shape of y to (n_samples, ), for example using ravel().
  return f(**kwargs)
../../../input/imnikhilanand_heart-attack-prediction/data.csv
Traceback (most recent call last):
  File "heart-attack-detection-proj1.py", line 117, in <module>
    from sklearn.metrics import jaccard_similarity_score
ImportError: cannot import name 'jaccard_similarity_score'
[Try Solution]: OrderedDict([('API', 'sklearn.metrics.jaccard_similarity_score'), ('action', 'arg_rename'), ('from_name', 'normalize&y_pred&y_true&sample_weight'), ('to_name', 'sample_weight&y_true&y_pred&normalize')])/home/cgzhu/anaconda3/envs/migration-plus/lib/python3.6/site-packages/sklearn/utils/validation.py:73: DataConversionWarning: A column-vector y was passed when a 1d array was expected. Please change the shape of y to (n_samples, ), for example using ravel().
  return f(**kwargs)
../../../input/imnikhilanand_heart-attack-prediction/data.csv
Traceback (most recent call last):
  File "heart-attack-detection-proj1.py", line 117, in <module>
    from sklearn.metrics import jaccard_similarity_score
ImportError: cannot import name 'jaccard_similarity_score'
[Try Solution]: OrderedDict([('API', 'sklearn.metrics.jaccard_similarity_score'), ('action', 'arg_rename'), ('from_name', 'y_true'), ('to_name', 'y_pred')])/home/cgzhu/anaconda3/envs/migration-plus/lib/python3.6/site-packages/sklearn/utils/validation.py:73: DataConversionWarning: A column-vector y was passed when a 1d array was expected. Please change the shape of y to (n_samples, ), for example using ravel().
  return f(**kwargs)
../../../input/imnikhilanand_heart-attack-prediction/data.csv
Traceback (most recent call last):
  File "heart-attack-detection-proj1.py", line 117, in <module>
    from sklearn.metrics import jaccard_similarity_score
ImportError: cannot import name 'jaccard_similarity_score'
[Try Solution]: OrderedDict([('API', 'sklearn.metrics.jaccard_similarity_score'), ('action', 'arg_rename'), ('from_name', 'y_true'), ('to_name', 'normalize')])/home/cgzhu/anaconda3/envs/migration-plus/lib/python3.6/site-packages/sklearn/utils/validation.py:73: DataConversionWarning: A column-vector y was passed when a 1d array was expected. Please change the shape of y to (n_samples, ), for example using ravel().
  return f(**kwargs)
../../../input/imnikhilanand_heart-attack-prediction/data.csv
Traceback (most recent call last):
  File "heart-attack-detection-proj1.py", line 117, in <module>
    from sklearn.metrics import jaccard_similarity_score
ImportError: cannot import name 'jaccard_similarity_score'
[Try Solution]: OrderedDict([('API', 'sklearn.metrics.jaccard_similarity_score'), ('action', 'arg_delete'), ('from_name', 'y_true'), ('to_name', '*')])/home/cgzhu/anaconda3/envs/migration-plus/lib/python3.6/site-packages/sklearn/utils/validation.py:73: DataConversionWarning: A column-vector y was passed when a 1d array was expected. Please change the shape of y to (n_samples, ), for example using ravel().
  return f(**kwargs)
../../../input/imnikhilanand_heart-attack-prediction/data.csv
Traceback (most recent call last):
  File "heart-attack-detection-proj1.py", line 117, in <module>
    from sklearn.metrics import jaccard_similarity_score
ImportError: cannot import name 'jaccard_similarity_score'
[Try Solution]: OrderedDict([('API', 'sklearn.metrics.jaccard_similarity_score'), ('action', 'arg_rename'), ('from_name', 'y_pred'), ('to_name', 'y_true')])/home/cgzhu/anaconda3/envs/migration-plus/lib/python3.6/site-packages/sklearn/utils/validation.py:73: DataConversionWarning: A column-vector y was passed when a 1d array was expected. Please change the shape of y to (n_samples, ), for example using ravel().
  return f(**kwargs)
../../../input/imnikhilanand_heart-attack-prediction/data.csv
Traceback (most recent call last):
  File "heart-attack-detection-proj1.py", line 117, in <module>
    from sklearn.metrics import jaccard_similarity_score
ImportError: cannot import name 'jaccard_similarity_score'
[Try Solution]: OrderedDict([('API', 'sklearn.metrics.jaccard_similarity_score'), ('action', 'arg_rename'), ('from_name', 'y_pred'), ('to_name', 'normalize')])/home/cgzhu/anaconda3/envs/migration-plus/lib/python3.6/site-packages/sklearn/utils/validation.py:73: DataConversionWarning: A column-vector y was passed when a 1d array was expected. Please change the shape of y to (n_samples, ), for example using ravel().
  return f(**kwargs)
../../../input/imnikhilanand_heart-attack-prediction/data.csv
Traceback (most recent call last):
  File "heart-attack-detection-proj1.py", line 117, in <module>
    from sklearn.metrics import jaccard_similarity_score
ImportError: cannot import name 'jaccard_similarity_score'
[Try Solution]: OrderedDict([('API', 'sklearn.metrics.jaccard_similarity_score'), ('action', 'arg_delete'), ('from_name', 'y_pred'), ('to_name', '*')])/home/cgzhu/anaconda3/envs/migration-plus/lib/python3.6/site-packages/sklearn/utils/validation.py:73: DataConversionWarning: A column-vector y was passed when a 1d array was expected. Please change the shape of y to (n_samples, ), for example using ravel().
  return f(**kwargs)
../../../input/imnikhilanand_heart-attack-prediction/data.csv
Traceback (most recent call last):
  File "heart-attack-detection-proj1.py", line 117, in <module>
    from sklearn.metrics import jaccard_similarity_score
ImportError: cannot import name 'jaccard_similarity_score'
[Try Solution]: OrderedDict([('API', 'sklearn.metrics.jaccard_similarity_score'), ('action', 'arg_rename'), ('from_name', 'normalize'), ('to_name', 'y_true')])/home/cgzhu/anaconda3/envs/migration-plus/lib/python3.6/site-packages/sklearn/utils/validation.py:73: DataConversionWarning: A column-vector y was passed when a 1d array was expected. Please change the shape of y to (n_samples, ), for example using ravel().
  return f(**kwargs)
../../../input/imnikhilanand_heart-attack-prediction/data.csv
Traceback (most recent call last):
  File "heart-attack-detection-proj1.py", line 117, in <module>
    from sklearn.metrics import jaccard_similarity_score
ImportError: cannot import name 'jaccard_similarity_score'
[Try Solution]: OrderedDict([('API', 'sklearn.metrics.jaccard_similarity_score'), ('action', 'arg_rename'), ('from_name', 'normalize'), ('to_name', 'y_pred')])/home/cgzhu/anaconda3/envs/migration-plus/lib/python3.6/site-packages/sklearn/utils/validation.py:73: DataConversionWarning: A column-vector y was passed when a 1d array was expected. Please change the shape of y to (n_samples, ), for example using ravel().
  return f(**kwargs)
../../../input/imnikhilanand_heart-attack-prediction/data.csv
Traceback (most recent call last):
  File "heart-attack-detection-proj1.py", line 117, in <module>
    from sklearn.metrics import jaccard_similarity_score
ImportError: cannot import name 'jaccard_similarity_score'
[Try Solution]: OrderedDict([('API', 'sklearn.metrics.jaccard_similarity_score'), ('action', 'arg_delete'), ('from_name', 'normalize'), ('to_name', '*')])/home/cgzhu/anaconda3/envs/migration-plus/lib/python3.6/site-packages/sklearn/utils/validation.py:73: DataConversionWarning: A column-vector y was passed when a 1d array was expected. Please change the shape of y to (n_samples, ), for example using ravel().
  return f(**kwargs)
../../../input/imnikhilanand_heart-attack-prediction/data.csv
Traceback (most recent call last):
  File "heart-attack-detection-proj1.py", line 117, in <module>
    from sklearn.metrics import jaccard_similarity_score
ImportError: cannot import name 'jaccard_similarity_score'
[Try Solution]: OrderedDict([('API', 'sklearn.metrics.jaccard_similarity_score'), ('action', 'arg_rename'), ('from_name', 'y_pred&y_true'), ('to_name', 'normalize&y_pred')])/home/cgzhu/anaconda3/envs/migration-plus/lib/python3.6/site-packages/sklearn/utils/validation.py:73: DataConversionWarning: A column-vector y was passed when a 1d array was expected. Please change the shape of y to (n_samples, ), for example using ravel().
  return f(**kwargs)
../../../input/imnikhilanand_heart-attack-prediction/data.csv
Traceback (most recent call last):
  File "heart-attack-detection-proj1.py", line 117, in <module>
    from sklearn.metrics import jaccard_similarity_score
ImportError: cannot import name 'jaccard_similarity_score'
[Try Solution]: OrderedDict([('API', 'sklearn.metrics.jaccard_similarity_score'), ('action', 'arg_rename'), ('from_name', 'y_pred&y_true'), ('to_name', 'y_true&normalize')])/home/cgzhu/anaconda3/envs/migration-plus/lib/python3.6/site-packages/sklearn/utils/validation.py:73: DataConversionWarning: A column-vector y was passed when a 1d array was expected. Please change the shape of y to (n_samples, ), for example using ravel().
  return f(**kwargs)
../../../input/imnikhilanand_heart-attack-prediction/data.csv
Traceback (most recent call last):
  File "heart-attack-detection-proj1.py", line 117, in <module>
    from sklearn.metrics import jaccard_similarity_score
ImportError: cannot import name 'jaccard_similarity_score'
[Try Solution]: OrderedDict([('API', 'sklearn.metrics.jaccard_similarity_score'), ('action', 'arg_rename'), ('from_name', 'y_pred&y_true'), ('to_name', 'y_true&y_pred')])/home/cgzhu/anaconda3/envs/migration-plus/lib/python3.6/site-packages/sklearn/utils/validation.py:73: DataConversionWarning: A column-vector y was passed when a 1d array was expected. Please change the shape of y to (n_samples, ), for example using ravel().
  return f(**kwargs)
../../../input/imnikhilanand_heart-attack-prediction/data.csv
Traceback (most recent call last):
  File "heart-attack-detection-proj1.py", line 117, in <module>
    from sklearn.metrics import jaccard_similarity_score
ImportError: cannot import name 'jaccard_similarity_score'
[Try Solution]: OrderedDict([('API', 'sklearn.metrics.jaccard_similarity_score'), ('action', 'arg_rename'), ('from_name', 'normalize&y_pred'), ('to_name', 'y_pred&normalize')])/home/cgzhu/anaconda3/envs/migration-plus/lib/python3.6/site-packages/sklearn/utils/validation.py:73: DataConversionWarning: A column-vector y was passed when a 1d array was expected. Please change the shape of y to (n_samples, ), for example using ravel().
  return f(**kwargs)
../../../input/imnikhilanand_heart-attack-prediction/data.csv
Traceback (most recent call last):
  File "heart-attack-detection-proj1.py", line 117, in <module>
    from sklearn.metrics import jaccard_similarity_score
ImportError: cannot import name 'jaccard_similarity_score'
[Try Solution]: OrderedDict([('API', 'sklearn.metrics.jaccard_similarity_score'), ('action', 'arg_rename'), ('from_name', 'normalize&y_pred'), ('to_name', 'y_pred&y_true')])/home/cgzhu/anaconda3/envs/migration-plus/lib/python3.6/site-packages/sklearn/utils/validation.py:73: DataConversionWarning: A column-vector y was passed when a 1d array was expected. Please change the shape of y to (n_samples, ), for example using ravel().
  return f(**kwargs)
../../../input/imnikhilanand_heart-attack-prediction/data.csv
Traceback (most recent call last):
  File "heart-attack-detection-proj1.py", line 117, in <module>
    from sklearn.metrics import jaccard_similarity_score
ImportError: cannot import name 'jaccard_similarity_score'
[Try Solution]: OrderedDict([('API', 'sklearn.metrics.jaccard_similarity_score'), ('action', 'arg_rename'), ('from_name', 'normalize&y_pred'), ('to_name', 'y_true&normalize')])/home/cgzhu/anaconda3/envs/migration-plus/lib/python3.6/site-packages/sklearn/utils/validation.py:73: DataConversionWarning: A column-vector y was passed when a 1d array was expected. Please change the shape of y to (n_samples, ), for example using ravel().
  return f(**kwargs)
../../../input/imnikhilanand_heart-attack-prediction/data.csv
Traceback (most recent call last):
  File "heart-attack-detection-proj1.py", line 117, in <module>
    from sklearn.metrics import jaccard_similarity_score
ImportError: cannot import name 'jaccard_similarity_score'
[Try Solution]: OrderedDict([('API', 'sklearn.metrics.jaccard_similarity_score'), ('action', 'arg_rename'), ('from_name', 'normalize&y_true'), ('to_name', 'y_pred&normalize')])/home/cgzhu/anaconda3/envs/migration-plus/lib/python3.6/site-packages/sklearn/utils/validation.py:73: DataConversionWarning: A column-vector y was passed when a 1d array was expected. Please change the shape of y to (n_samples, ), for example using ravel().
  return f(**kwargs)
../../../input/imnikhilanand_heart-attack-prediction/data.csv
Traceback (most recent call last):
  File "heart-attack-detection-proj1.py", line 117, in <module>
    from sklearn.metrics import jaccard_similarity_score
ImportError: cannot import name 'jaccard_similarity_score'
[Try Solution]: OrderedDict([('API', 'sklearn.metrics.jaccard_similarity_score'), ('action', 'arg_rename'), ('from_name', 'normalize&y_true'), ('to_name', 'y_true&normalize')])/home/cgzhu/anaconda3/envs/migration-plus/lib/python3.6/site-packages/sklearn/utils/validation.py:73: DataConversionWarning: A column-vector y was passed when a 1d array was expected. Please change the shape of y to (n_samples, ), for example using ravel().
  return f(**kwargs)
../../../input/imnikhilanand_heart-attack-prediction/data.csv
Traceback (most recent call last):
  File "heart-attack-detection-proj1.py", line 117, in <module>
    from sklearn.metrics import jaccard_similarity_score
ImportError: cannot import name 'jaccard_similarity_score'
[Try Solution]: OrderedDict([('API', 'sklearn.metrics.jaccard_similarity_score'), ('action', 'arg_rename'), ('from_name', 'normalize&y_true'), ('to_name', 'y_true&y_pred')])/home/cgzhu/anaconda3/envs/migration-plus/lib/python3.6/site-packages/sklearn/utils/validation.py:73: DataConversionWarning: A column-vector y was passed when a 1d array was expected. Please change the shape of y to (n_samples, ), for example using ravel().
  return f(**kwargs)
../../../input/imnikhilanand_heart-attack-prediction/data.csv
Traceback (most recent call last):
  File "heart-attack-detection-proj1.py", line 117, in <module>
    from sklearn.metrics import jaccard_similarity_score
ImportError: cannot import name 'jaccard_similarity_score'
[Try Solution]: OrderedDict([('API', 'sklearn.metrics.jaccard_similarity_score'), ('action', 'arg_rename'), ('from_name', 'normalize&y_pred&y_true'), ('to_name', 'y_pred&y_true&normalize')])/home/cgzhu/anaconda3/envs/migration-plus/lib/python3.6/site-packages/sklearn/utils/validation.py:73: DataConversionWarning: A column-vector y was passed when a 1d array was expected. Please change the shape of y to (n_samples, ), for example using ravel().
  return f(**kwargs)
../../../input/imnikhilanand_heart-attack-prediction/data.csv
Traceback (most recent call last):
  File "heart-attack-detection-proj1.py", line 117, in <module>
    from sklearn.metrics import jaccard_similarity_score
ImportError: cannot import name 'jaccard_similarity_score'
[Try Solution]: OrderedDict([('API', 'sklearn.metrics.jaccard_similarity_score'), ('action', 'arg_rename'), ('from_name', 'normalize&y_pred&y_true'), ('to_name', 'y_true&normalize&y_pred')])/home/cgzhu/anaconda3/envs/migration-plus/lib/python3.6/site-packages/sklearn/utils/validation.py:73: DataConversionWarning: A column-vector y was passed when a 1d array was expected. Please change the shape of y to (n_samples, ), for example using ravel().
  return f(**kwargs)
../../../input/imnikhilanand_heart-attack-prediction/data.csv
Traceback (most recent call last):
  File "heart-attack-detection-proj1.py", line 117, in <module>
    from sklearn.metrics import jaccard_similarity_score
ImportError: cannot import name 'jaccard_similarity_score'
[Try Solution]: OrderedDict([('API', 'sklearn.metrics.jaccard_similarity_score'), ('action', 'arg_value_update'), ('arg_name', 'normalize'), ('target_value', 'True')])/home/cgzhu/anaconda3/envs/migration-plus/lib/python3.6/site-packages/sklearn/utils/validation.py:73: DataConversionWarning: A column-vector y was passed when a 1d array was expected. Please change the shape of y to (n_samples, ), for example using ravel().
  return f(**kwargs)
../../../input/imnikhilanand_heart-attack-prediction/data.csv
Traceback (most recent call last):
  File "heart-attack-detection-proj1.py", line 117, in <module>
    from sklearn.metrics import jaccard_similarity_score
ImportError: cannot import name 'jaccard_similarity_score'
[Try Solution]: OrderedDict([('API', 'sklearn.metrics.jaccard_similarity_score'), ('action', 'arg_value_update'), ('arg_name', 'normalize'), ('target_value', 'False')])/home/cgzhu/anaconda3/envs/migration-plus/lib/python3.6/site-packages/sklearn/utils/validation.py:73: DataConversionWarning: A column-vector y was passed when a 1d array was expected. Please change the shape of y to (n_samples, ), for example using ravel().
  return f(**kwargs)
../../../input/imnikhilanand_heart-attack-prediction/data.csv
Traceback (most recent call last):
  File "heart-attack-detection-proj1.py", line 117, in <module>
    from sklearn.metrics import jaccard_similarity_score
ImportError: cannot import name 'jaccard_similarity_score'
[Try Solution]: OrderedDict([('API', 'sklearn.metrics.jaccard_similarity_score'), ('action', 'arg_value_update'), ('arg_name', 'normalize&y_true'), ('target_value', 'True&False')])/home/cgzhu/anaconda3/envs/migration-plus/lib/python3.6/site-packages/sklearn/utils/validation.py:73: DataConversionWarning: A column-vector y was passed when a 1d array was expected. Please change the shape of y to (n_samples, ), for example using ravel().
  return f(**kwargs)
../../../input/imnikhilanand_heart-attack-prediction/data.csv
Traceback (most recent call last):
  File "heart-attack-detection-proj1.py", line 117, in <module>
    from sklearn.metrics import jaccard_similarity_score
ImportError: cannot import name 'jaccard_similarity_score'
[Try Solution]: OrderedDict([('API', 'sklearn.metrics.jaccard_similarity_score'), ('action', 'arg_value_update'), ('arg_name', 'normalize&sample_weight'), ('target_value', 'True&False')])/home/cgzhu/anaconda3/envs/migration-plus/lib/python3.6/site-packages/sklearn/utils/validation.py:73: DataConversionWarning: A column-vector y was passed when a 1d array was expected. Please change the shape of y to (n_samples, ), for example using ravel().
  return f(**kwargs)
../../../input/imnikhilanand_heart-attack-prediction/data.csv
Traceback (most recent call last):
  File "heart-attack-detection-proj1.py", line 117, in <module>
    from sklearn.metrics import jaccard_similarity_score
ImportError: cannot import name 'jaccard_similarity_score'
[Try Solution]: OrderedDict([('API', 'sklearn.metrics.jaccard_similarity_score'), ('action', 'arg_value_update'), ('arg_name', 'normalize&y_pred'), ('target_value', 'True&False')])/home/cgzhu/anaconda3/envs/migration-plus/lib/python3.6/site-packages/sklearn/utils/validation.py:73: DataConversionWarning: A column-vector y was passed when a 1d array was expected. Please change the shape of y to (n_samples, ), for example using ravel().
  return f(**kwargs)
../../../input/imnikhilanand_heart-attack-prediction/data.csv
Traceback (most recent call last):
  File "heart-attack-detection-proj1.py", line 117, in <module>
    from sklearn.metrics import jaccard_similarity_score
ImportError: cannot import name 'jaccard_similarity_score'
[Try Solution]: OrderedDict([('API', 'sklearn.metrics.jaccard_similarity_score'), ('action', 'arg_value_update'), ('arg_name', 'y_true'), ('target_value', "<class 'libcst._nodes.expression.Name'>")])/home/cgzhu/anaconda3/envs/migration-plus/lib/python3.6/site-packages/sklearn/utils/validation.py:73: DataConversionWarning: A column-vector y was passed when a 1d array was expected. Please change the shape of y to (n_samples, ), for example using ravel().
  return f(**kwargs)
../../../input/imnikhilanand_heart-attack-prediction/data.csv
Traceback (most recent call last):
  File "heart-attack-detection-proj1.py", line 117, in <module>
    from sklearn.metrics import jaccard_similarity_score
ImportError: cannot import name 'jaccard_similarity_score'
[Try Solution]: OrderedDict([('API', 'sklearn.metrics.jaccard_similarity_score'), ('action', 'arg_value_update'), ('arg_name', 'y_true'), ('target_value', "<class 'libcst._nodes.expression.Subscript'>")])/home/cgzhu/anaconda3/envs/migration-plus/lib/python3.6/site-packages/sklearn/utils/validation.py:73: DataConversionWarning: A column-vector y was passed when a 1d array was expected. Please change the shape of y to (n_samples, ), for example using ravel().
  return f(**kwargs)
../../../input/imnikhilanand_heart-attack-prediction/data.csv
Traceback (most recent call last):
  File "heart-attack-detection-proj1.py", line 117, in <module>
    from sklearn.metrics import jaccard_similarity_score
ImportError: cannot import name 'jaccard_similarity_score'
[Try Solution]: OrderedDict([('API', 'sklearn.metrics.jaccard_similarity_score'), ('action', 'arg_value_update'), ('arg_name', 'y_true'), ('target_value', "<class 'libcst._nodes.expression.Call'>")])/home/cgzhu/anaconda3/envs/migration-plus/lib/python3.6/site-packages/sklearn/utils/validation.py:73: DataConversionWarning: A column-vector y was passed when a 1d array was expected. Please change the shape of y to (n_samples, ), for example using ravel().
  return f(**kwargs)
../../../input/imnikhilanand_heart-attack-prediction/data.csv
Traceback (most recent call last):
  File "heart-attack-detection-proj1.py", line 117, in <module>
    from sklearn.metrics import jaccard_similarity_score
ImportError: cannot import name 'jaccard_similarity_score'
[Try Solution]: OrderedDict([('API', 'sklearn.metrics.jaccard_similarity_score'), ('action', 'arg_value_update'), ('arg_name', 'y_pred'), ('target_value', "<class 'libcst._nodes.expression.Name'>")])/home/cgzhu/anaconda3/envs/migration-plus/lib/python3.6/site-packages/sklearn/utils/validation.py:73: DataConversionWarning: A column-vector y was passed when a 1d array was expected. Please change the shape of y to (n_samples, ), for example using ravel().
  return f(**kwargs)
../../../input/imnikhilanand_heart-attack-prediction/data.csv
Traceback (most recent call last):
  File "heart-attack-detection-proj1.py", line 117, in <module>
    from sklearn.metrics import jaccard_similarity_score
ImportError: cannot import name 'jaccard_similarity_score'
[Try Solution]: OrderedDict([('API', 'sklearn.metrics.jaccard_similarity_score'), ('action', 'arg_value_update'), ('arg_name', 'y_pred'), ('target_value', "<class 'libcst._nodes.expression.Subscript'>")])/home/cgzhu/anaconda3/envs/migration-plus/lib/python3.6/site-packages/sklearn/utils/validation.py:73: DataConversionWarning: A column-vector y was passed when a 1d array was expected. Please change the shape of y to (n_samples, ), for example using ravel().
  return f(**kwargs)
../../../input/imnikhilanand_heart-attack-prediction/data.csv
Traceback (most recent call last):
  File "heart-attack-detection-proj1.py", line 117, in <module>
    from sklearn.metrics import jaccard_similarity_score
ImportError: cannot import name 'jaccard_similarity_score'
[Try Solution]: OrderedDict([('API', 'sklearn.metrics.jaccard_similarity_score'), ('action', 'arg_value_update'), ('arg_name', 'y_pred'), ('target_value', "<class 'libcst._nodes.expression.Attribute'>")])/home/cgzhu/anaconda3/envs/migration-plus/lib/python3.6/site-packages/sklearn/utils/validation.py:73: DataConversionWarning: A column-vector y was passed when a 1d array was expected. Please change the shape of y to (n_samples, ), for example using ravel().
  return f(**kwargs)
../../../input/imnikhilanand_heart-attack-prediction/data.csv
Traceback (most recent call last):
  File "heart-attack-detection-proj1.py", line 117, in <module>
    from sklearn.metrics import jaccard_similarity_score
ImportError: cannot import name 'jaccard_similarity_score'
[Try Solution]: OrderedDict([('API', 'sklearn.metrics.jaccard_similarity_score'), ('action', 'arg_value_update'), ('arg_name', 'y_pred'), ('target_value', "<class 'libcst._nodes.expression.Comparison'>")])/home/cgzhu/anaconda3/envs/migration-plus/lib/python3.6/site-packages/sklearn/utils/validation.py:73: DataConversionWarning: A column-vector y was passed when a 1d array was expected. Please change the shape of y to (n_samples, ), for example using ravel().
  return f(**kwargs)
../../../input/imnikhilanand_heart-attack-prediction/data.csv
Traceback (most recent call last):
  File "heart-attack-detection-proj1.py", line 117, in <module>
    from sklearn.metrics import jaccard_similarity_score
ImportError: cannot import name 'jaccard_similarity_score'
[Try Solution]: OrderedDict([('API', 'sklearn.metrics.jaccard_similarity_score'), ('action', 'arg_value_update'), ('arg_name', 'y_pred'), ('target_value', "<class 'libcst._nodes.expression.Call'>")])/home/cgzhu/anaconda3/envs/migration-plus/lib/python3.6/site-packages/sklearn/utils/validation.py:73: DataConversionWarning: A column-vector y was passed when a 1d array was expected. Please change the shape of y to (n_samples, ), for example using ravel().
  return f(**kwargs)
../../../input/imnikhilanand_heart-attack-prediction/data.csv
Traceback (most recent call last):
  File "heart-attack-detection-proj1.py", line 117, in <module>
    from sklearn.metrics import jaccard_similarity_score
ImportError: cannot import name 'jaccard_similarity_score'
[Try Solution]: OrderedDict([('API', 'sklearn.metrics.jaccard_similarity_score'), ('action', 'arg_value_update'), ('arg_name', 'normalize'), ('target_value', "<class 'libcst._nodes.expression.Name'>")])/home/cgzhu/anaconda3/envs/migration-plus/lib/python3.6/site-packages/sklearn/utils/validation.py:73: DataConversionWarning: A column-vector y was passed when a 1d array was expected. Please change the shape of y to (n_samples, ), for example using ravel().
  return f(**kwargs)
../../../input/imnikhilanand_heart-attack-prediction/data.csv
Traceback (most recent call last):
  File "heart-attack-detection-proj1.py", line 117, in <module>
    from sklearn.metrics import jaccard_similarity_score
ImportError: cannot import name 'jaccard_similarity_score'
[Try Solution]: OrderedDict([('API', 'sklearn.metrics.jaccard_similarity_score'), ('action', 'arg_value_update'), ('arg_name', 'y_pred&y_true'), ('target_value', "<class 'libcst._nodes.expression.Name'>&<class 'libcst._nodes.expression.Subscript'>")])/home/cgzhu/anaconda3/envs/migration-plus/lib/python3.6/site-packages/sklearn/utils/validation.py:73: DataConversionWarning: A column-vector y was passed when a 1d array was expected. Please change the shape of y to (n_samples, ), for example using ravel().
  return f(**kwargs)
../../../input/imnikhilanand_heart-attack-prediction/data.csv
Traceback (most recent call last):
  File "heart-attack-detection-proj1.py", line 117, in <module>
    from sklearn.metrics import jaccard_similarity_score
ImportError: cannot import name 'jaccard_similarity_score'
[Try Solution]: OrderedDict([('API', 'sklearn.metrics.jaccard_similarity_score'), ('action', 'arg_value_update'), ('arg_name', 'y_pred&y_true'), ('target_value', "<class 'libcst._nodes.expression.Attribute'>&<class 'libcst._nodes.expression.Comparison'>")])/home/cgzhu/anaconda3/envs/migration-plus/lib/python3.6/site-packages/sklearn/utils/validation.py:73: DataConversionWarning: A column-vector y was passed when a 1d array was expected. Please change the shape of y to (n_samples, ), for example using ravel().
  return f(**kwargs)
../../../input/imnikhilanand_heart-attack-prediction/data.csv
Traceback (most recent call last):
  File "heart-attack-detection-proj1.py", line 117, in <module>
    from sklearn.metrics import jaccard_similarity_score
ImportError: cannot import name 'jaccard_similarity_score'
[Try Solution]: OrderedDict([('API', 'sklearn.metrics.jaccard_similarity_score'), ('action', 'arg_value_update'), ('arg_name', 'y_pred&y_true'), ('target_value', "<class 'libcst._nodes.expression.Call'>&<class 'libcst._nodes.expression.Name'>")])/home/cgzhu/anaconda3/envs/migration-plus/lib/python3.6/site-packages/sklearn/utils/validation.py:73: DataConversionWarning: A column-vector y was passed when a 1d array was expected. Please change the shape of y to (n_samples, ), for example using ravel().
  return f(**kwargs)
../../../input/imnikhilanand_heart-attack-prediction/data.csv
Traceback (most recent call last):
  File "heart-attack-detection-proj1.py", line 117, in <module>
    from sklearn.metrics import jaccard_similarity_score
ImportError: cannot import name 'jaccard_similarity_score'
[Try Solution]: OrderedDict([('API', 'sklearn.metrics.jaccard_similarity_score'), ('action', 'arg_value_update'), ('arg_name', 'y_pred&y_true'), ('target_value', "<class 'libcst._nodes.expression.Subscript'>&<class 'libcst._nodes.expression.Call'>")])/home/cgzhu/anaconda3/envs/migration-plus/lib/python3.6/site-packages/sklearn/utils/validation.py:73: DataConversionWarning: A column-vector y was passed when a 1d array was expected. Please change the shape of y to (n_samples, ), for example using ravel().
  return f(**kwargs)
../../../input/imnikhilanand_heart-attack-prediction/data.csv
Traceback (most recent call last):
  File "heart-attack-detection-proj1.py", line 117, in <module>
    from sklearn.metrics import jaccard_similarity_score
ImportError: cannot import name 'jaccard_similarity_score'
[Try Solution]: OrderedDict([('API', 'sklearn.metrics.jaccard_similarity_score'), ('action', 'arg_value_update'), ('arg_name', 'normalize&y_pred'), ('target_value', "<class 'libcst._nodes.expression.Name'>&<class 'libcst._nodes.expression.Name'>")])/home/cgzhu/anaconda3/envs/migration-plus/lib/python3.6/site-packages/sklearn/utils/validation.py:73: DataConversionWarning: A column-vector y was passed when a 1d array was expected. Please change the shape of y to (n_samples, ), for example using ravel().
  return f(**kwargs)
../../../input/imnikhilanand_heart-attack-prediction/data.csv
Traceback (most recent call last):
  File "heart-attack-detection-proj1.py", line 117, in <module>
    from sklearn.metrics import jaccard_similarity_score
ImportError: cannot import name 'jaccard_similarity_score'
[Try Solution]: OrderedDict([('API', 'sklearn.metrics.jaccard_similarity_score'), ('action', 'arg_value_update'), ('arg_name', 'normalize&y_pred'), ('target_value', "<class 'libcst._nodes.expression.Subscript'>&<class 'libcst._nodes.expression.Attribute'>")])/home/cgzhu/anaconda3/envs/migration-plus/lib/python3.6/site-packages/sklearn/utils/validation.py:73: DataConversionWarning: A column-vector y was passed when a 1d array was expected. Please change the shape of y to (n_samples, ), for example using ravel().
  return f(**kwargs)
../../../input/imnikhilanand_heart-attack-prediction/data.csv
Traceback (most recent call last):
  File "heart-attack-detection-proj1.py", line 117, in <module>
    from sklearn.metrics import jaccard_similarity_score
ImportError: cannot import name 'jaccard_similarity_score'
[Try Solution]: OrderedDict([('API', 'sklearn.metrics.jaccard_similarity_score'), ('action', 'arg_value_update'), ('arg_name', 'normalize&y_pred'), ('target_value', "<class 'libcst._nodes.expression.Comparison'>&<class 'libcst._nodes.expression.Call'>")])/home/cgzhu/anaconda3/envs/migration-plus/lib/python3.6/site-packages/sklearn/utils/validation.py:73: DataConversionWarning: A column-vector y was passed when a 1d array was expected. Please change the shape of y to (n_samples, ), for example using ravel().
  return f(**kwargs)
../../../input/imnikhilanand_heart-attack-prediction/data.csv
Traceback (most recent call last):
  File "heart-attack-detection-proj1.py", line 117, in <module>
    from sklearn.metrics import jaccard_similarity_score
ImportError: cannot import name 'jaccard_similarity_score'
[Try Solution]: OrderedDict([('API', 'sklearn.metrics.jaccard_similarity_score'), ('action', 'arg_value_update'), ('arg_name', 'normalize&y_true'), ('target_value', "<class 'libcst._nodes.expression.Name'>&<class 'libcst._nodes.expression.Name'>")])/home/cgzhu/anaconda3/envs/migration-plus/lib/python3.6/site-packages/sklearn/utils/validation.py:73: DataConversionWarning: A column-vector y was passed when a 1d array was expected. Please change the shape of y to (n_samples, ), for example using ravel().
  return f(**kwargs)
../../../input/imnikhilanand_heart-attack-prediction/data.csv
Traceback (most recent call last):
  File "heart-attack-detection-proj1.py", line 117, in <module>
    from sklearn.metrics import jaccard_similarity_score
ImportError: cannot import name 'jaccard_similarity_score'
[Try Solution]: OrderedDict([('API', 'sklearn.metrics.jaccard_similarity_score'), ('action', 'arg_value_update'), ('arg_name', 'normalize&y_true'), ('target_value', "<class 'libcst._nodes.expression.Subscript'>&<class 'libcst._nodes.expression.Call'>")])/home/cgzhu/anaconda3/envs/migration-plus/lib/python3.6/site-packages/sklearn/utils/validation.py:73: DataConversionWarning: A column-vector y was passed when a 1d array was expected. Please change the shape of y to (n_samples, ), for example using ravel().
  return f(**kwargs)
../../../input/imnikhilanand_heart-attack-prediction/data.csv
Traceback (most recent call last):
  File "heart-attack-detection-proj1.py", line 117, in <module>
    from sklearn.metrics import jaccard_similarity_score
ImportError: cannot import name 'jaccard_similarity_score'
[Try Solution]: OrderedDict([('API', 'sklearn.metrics.jaccard_similarity_score'), ('action', 'arg_value_update'), ('arg_name', 'normalize&y_pred&y_true'), ('target_value', "<class 'libcst._nodes.expression.Name'>&<class 'libcst._nodes.expression.Name'>&<class 'libcst._nodes.expression.Subscript'>")])/home/cgzhu/anaconda3/envs/migration-plus/lib/python3.6/site-packages/sklearn/utils/validation.py:73: DataConversionWarning: A column-vector y was passed when a 1d array was expected. Please change the shape of y to (n_samples, ), for example using ravel().
  return f(**kwargs)
../../../input/imnikhilanand_heart-attack-prediction/data.csv
Traceback (most recent call last):
  File "heart-attack-detection-proj1.py", line 117, in <module>
    from sklearn.metrics import jaccard_similarity_score
ImportError: cannot import name 'jaccard_similarity_score'
[Try Solution]: OrderedDict([('API', 'sklearn.metrics.jaccard_similarity_score'), ('action', 'arg_value_update'), ('arg_name', 'normalize&y_pred&y_true'), ('target_value', "<class 'libcst._nodes.expression.Attribute'>&<class 'libcst._nodes.expression.Comparison'>&<class 'libcst._nodes.expression.Call'>")])/home/cgzhu/anaconda3/envs/migration-plus/lib/python3.6/site-packages/sklearn/utils/validation.py:73: DataConversionWarning: A column-vector y was passed when a 1d array was expected. Please change the shape of y to (n_samples, ), for example using ravel().
  return f(**kwargs)
../../../input/imnikhilanand_heart-attack-prediction/data.csv
Traceback (most recent call last):
  File "heart-attack-detection-proj1.py", line 117, in <module>
    from sklearn.metrics import jaccard_similarity_score
ImportError: cannot import name 'jaccard_similarity_score'
[Try Solution]: OrderedDict([('API', 'sklearn.metrics.jaccard_similarity_score'), ('action', 'arg_value_update'), ('arg_name', 'normalize&y_pred&y_true'), ('target_value', "<class 'libcst._nodes.expression.Name'>&<class 'libcst._nodes.expression.Subscript'>&<class 'libcst._nodes.expression.Call'>")])/home/cgzhu/anaconda3/envs/migration-plus/lib/python3.6/site-packages/sklearn/utils/validation.py:73: DataConversionWarning: A column-vector y was passed when a 1d array was expected. Please change the shape of y to (n_samples, ), for example using ravel().
  return f(**kwargs)
../../../input/imnikhilanand_heart-attack-prediction/data.csv
Traceback (most recent call last):
  File "heart-attack-detection-proj1.py", line 117, in <module>
    from sklearn.metrics import jaccard_similarity_score
ImportError: cannot import name 'jaccard_similarity_score'
[Try Solution]: OrderedDict([('action', 'fqn'), ('old_fqn', 'sklearn.metrics.jaccard_similarity_score'), ('new_fqn', 'sklearn.metrics.jaccard_score'), ('line_no', 117)])/home/cgzhu/anaconda3/envs/migration-plus/lib/python3.6/site-packages/sklearn/utils/validation.py:73: DataConversionWarning: A column-vector y was passed when a 1d array was expected. Please change the shape of y to (n_samples, ), for example using ravel().
  return f(**kwargs)
../../../input/imnikhilanand_heart-attack-prediction/data.csv
[[13  6]
 [ 9 31]]
Confusion matrix, without normalization
[[13  6]
 [ 9 31]]

              precision    recall  f1-score   support

           0       0.84      0.78      0.81        40
           1       0.59      0.68      0.63        19

    accuracy                           0.75        59
   macro avg       0.71      0.73      0.72        59
weighted avg       0.76      0.75      0.75        59

294 294

[REPAIR EXEC TIME]: 273.75668025016785